+-+-+-+-+-+-+-+-+-+-+-+-+-+-+-+-+-+-+-+-+-+-+-+-+-+-+-+-+-+-+-+-+-+-+-+-+-+-+-+-+-+-+-+-+-+
+                                      Meridian 59                                        +
+-+-+-+-+-+-+-+-+-+-+-+-+-+-+-+-+-+-+-+-+-+-+-+-+-+-+-+-+-+-+-+-+-+-+-+-+-+-+-+-+-+-+-+-+-+
8:24:35 PM   Client              Info    Initializing client
8:24:35 PM   Client              Info    Process ID: 11692 MainThread: 1
8:24:35 PM   Logger              Info    Starting logger.
8:24:35 PM   Client              Info    Starting client
8:24:40 PM   ControllerRoom      Info    Setting AmbientLight to 0
8:24:40 PM   ControllerRoom      Info    Setting DirectionalLight to 0
8:24:40 PM   ControllerRoom      Info    Setting AmbientLight to 40
8:24:40 PM   ControllerRoom      Info    Setting DirectionalLight to 0
8:24:40 PM   ControllerRoom      Info    Start loading room: necarea3.roo
8:24:40 PM   ControllerRoom      Info    Textures: 237.03759765625 ms
8:24:40 PM   ControllerRoom      Info    Geometry: 12.23095703125 ms
8:24:40 PM   ControllerRoom      Info    Decoration: 2.7138671875 ms
8:24:40 PM   Logger              Info    DroneBot: Loaded into Ogre3D Client successfully.
8:24:46 PM   ServerConnection    Info    Connecting to localhost:5959
8:24:46 PM   ServerConnection    Info    ConnectionState: Connected
8:24:46 PM   ServerConnection    Info    ConnectionState: Authenticated
8:24:46 PM   ServerConnection    Info    ConnectionState: Online
8:24:46 PM   ServerConnection    Info    ServerSaveChange, Old:0 New:19
8:24:49 PM   ServerConnection    Info    ConnectionState: Playing
8:24:49 PM   MessageEnrichment   Info    Loaded BP_PLAYER: 2.41122240298864 ms
8:24:49 PM   MessageEnrichment   Info    Loaded BP_ROOM_CONTENTS: 38.9945835048438 ms
8:24:49 PM   MessageEnrichment   Info    Loaded BP_INVENTORY: 3.09439337214462 ms
8:24:49 PM   ControllerRoom      Info    Setting AmbientLight to 214
8:24:49 PM   ControllerRoom      Info    Setting DirectionalLight to 0
8:24:49 PM   ControllerRoom      Info    Start loading room: e2.roo
8:24:49 PM   MessageEnrichment   Info    Loaded BP_SPELLS: 18.1244160443257 ms
8:24:49 PM   ControllerRoom      Info    Textures: 342.5458984375 ms
8:24:49 PM   ControllerRoom      Info    Geometry: 1.060546875 ms
8:24:49 PM   ControllerRoom      Info    Decoration: 0.0029296875 ms
8:24:49 PM   ControllerRoom      Info    Setting AmbientLight to 214
8:24:49 PM   ControllerRoom      Info    Setting DirectionalLight to 26
8:24:50 PM   ControllerRoom      Info    Found own avatar: 76 (Silence)
8:24:50 PM   DataControllerOgre  Info    BP_ROOM_CONTENTS: 24.41796875 ms
8:24:50 PM   DataControllerOgre  Info    BP_INVENTORY: 12.2275390625 ms
8:24:50 PM   DataControllerOgre  Info    BP_SPELLS: 8.185546875 ms
8:24:50 PM   Logger              Info    DroneBot: -----------------------------------
8:24:50 PM   Logger              Info    DroneBot: Drone has phased you until you're ready
8:24:50 PM   Logger              Info    DroneBot: -----------------------------------
8:24:50 PM   Logger              Info    DroneBot: /follow - Auto follow your current target.
8:24:50 PM   Logger              Info    DroneBot: /assist "Player Name" [in quotes] - Become a minion.
8:24:50 PM   Logger              Info    DroneBot: /seek - Seek out your own monsters and fight them.
8:24:50 PM   Logger              Info    DroneBot: /stop - Stop all DroneBot script operations.
8:24:50 PM   Logger              Info    DroneBot: -----------------------------------
8:24:50 PM   Logger              Info    DroneBot: Use:  cast phase  to begin your journey.
8:25:00 PM   ControllerRoom      Info    Setting AmbientLight to 214
8:25:00 PM   ControllerRoom      Info    Setting DirectionalLight to 26
8:25:00 PM   ControllerRoom      Info    Setting AmbientLight to 214
8:25:00 PM   ControllerRoom      Info    Setting DirectionalLight to 23
8:25:21 PM   Logger              Info    DroneBot: Seek & Destroy ON.
8:30:00 PM   ControllerRoom      Info    Setting AmbientLight to 196
8:30:00 PM   ControllerRoom      Info    Setting DirectionalLight to 23
8:30:00 PM   ControllerRoom      Info    Setting AmbientLight to 196
8:30:00 PM   ControllerRoom      Info    Setting DirectionalLight to 18
8:30:55 PM   Logger              Info    DroneBot: Target is unreachable after 6 seconds...
8:35:00 PM   ControllerRoom      Info    Setting AmbientLight to 180
8:35:00 PM   ControllerRoom      Info    Setting DirectionalLight to 18
8:35:00 PM   ControllerRoom      Info    Setting AmbientLight to 180
8:35:00 PM   ControllerRoom      Info    Setting DirectionalLight to 12
8:37:33 PM   Logger              Info    DroneBot: Seek & Destroy ON.
8:40:00 PM   ControllerRoom      Info    Setting AmbientLight to 164
8:40:00 PM   ControllerRoom      Info    Setting DirectionalLight to 12
8:40:00 PM   ControllerRoom      Info    Setting AmbientLight to 164
8:40:00 PM   ControllerRoom      Info    Setting DirectionalLight to 5
8:45:00 PM   ControllerRoom      Info    Setting AmbientLight to 146
8:45:00 PM   ControllerRoom      Info    Setting DirectionalLight to 5
8:45:00 PM   ControllerRoom      Info    Setting AmbientLight to 146
8:45:00 PM   ControllerRoom      Info    Setting DirectionalLight to 0
8:50:00 PM   ControllerRoom      Info    Setting AmbientLight to 130
8:50:00 PM   ControllerRoom      Info    Setting DirectionalLight to 0
8:50:00 PM   ControllerRoom      Info    Setting AmbientLight to 130
8:50:00 PM   ControllerRoom      Info    Setting DirectionalLight to 0
8:55:00 PM   ControllerRoom      Info    Setting AmbientLight to 114
8:55:00 PM   ControllerRoom      Info    Setting DirectionalLight to 0
8:55:00 PM   ControllerRoom      Info    Setting AmbientLight to 114
8:55:00 PM   ControllerRoom      Info    Setting DirectionalLight to 0
8:55:08 PM   Logger              Info    DroneBot: Conveying NOW.
8:55:08 PM   Logger              Info    DroneBot: Sending 95 ruby to your vault.
8:55:09 PM   Logger              Info    DroneBot: Sending 126 blue dragon scale to your vault.
8:55:10 PM   Logger              Info    DroneBot: Sending 7 green mushroom to your vault.
8:56:28 PM   MessageEnrichment   Info    Loaded BP_ROOM_CONTENTS: 0.145572390872985 ms
8:56:28 PM   ControllerRoom      Info    Found own avatar: 76 (Silence)
8:56:28 PM   DataControllerOgre  Info    BP_ROOM_CONTENTS: 90.625 ms
8:56:28 PM   MessageEnrichment   Info    Loaded BP_ROOM_CONTENTS: 0.169878014596179 ms
8:56:28 PM   ControllerRoom      Info    Found own avatar: 76 (Silence)
8:56:28 PM   DataControllerOgre  Info    BP_ROOM_CONTENTS: 76.375 ms
8:56:31 PM   ControllerRoom      Info    Setting AmbientLight to 238
8:56:31 PM   ControllerRoom      Info    Setting DirectionalLight to 0
9:00:00 PM   ServerConnection    Info    ConnectionState: Waiting
9:00:00 PM   ServerConnection    Info    ServerSaveChange, Old:19 New:20
9:00:00 PM   ServerConnection    Info    ConnectionState: Playing
9:00:00 PM   ControllerRoom      Info    Setting AmbientLight to 220
9:00:00 PM   ControllerRoom      Info    Setting DirectionalLight to 0
9:00:00 PM   ControllerRoom      Info    Setting AmbientLight to 220
9:00:00 PM   ControllerRoom      Info    Setting DirectionalLight to 0
9:00:00 PM   MessageEnrichment   Info    Loaded BP_PLAYER: 0.00365891074761748 ms
9:00:00 PM   MessageEnrichment   Info    Loaded BP_ROOM_CONTENTS: 0.224500330165029 ms
9:00:00 PM   MessageEnrichment   Info    Loaded BP_INVENTORY: 0.0151583459228277 ms
9:00:00 PM   MessageEnrichment   Info    Loaded BP_SPELLS: 0.263441598042846 ms
9:00:00 PM   ControllerRoom      Info    Setting AmbientLight to 220
9:00:00 PM   ControllerRoom      Info    Setting DirectionalLight to 0
9:00:00 PM   ControllerRoom      Info    Start loading room: e2.roo
9:00:00 PM   ControllerRoom      Info    Textures: 0 ms
9:00:00 PM   ControllerRoom      Info    Geometry: 1 ms
9:00:00 PM   ControllerRoom      Info    Decoration: 0.25 ms
9:00:00 PM   ControllerRoom      Info    Setting AmbientLight to 220
9:00:00 PM   ControllerRoom      Info    Setting DirectionalLight to 0
9:00:00 PM   ControllerRoom      Info    Found own avatar: 76 (Silence)
9:00:00 PM   DataControllerOgre  Info    BP_ROOM_CONTENTS: 67.25 ms
9:00:00 PM   DataControllerOgre  Info    BP_INVENTORY: 4.75 ms
9:00:00 PM   DataControllerOgre  Info    BP_SPELLS: 3.5 ms
9:02:08 PM   ControllerRoom      Info    Setting AmbientLight to 96
9:02:08 PM   ControllerRoom      Info    Setting DirectionalLight to 0
9:05:00 PM   ControllerRoom      Info    Setting AmbientLight to 94
9:05:00 PM   ControllerRoom      Info    Setting DirectionalLight to 0
9:05:00 PM   ControllerRoom      Info    Setting AmbientLight to 94
9:05:00 PM   ControllerRoom      Info    Setting DirectionalLight to 0
9:09:19 PM   ServerConnection    Info    Disconnecting.
