11:30:14: Creating resource group General
11:30:14: Creating resource group Internal
11:30:14: Creating resource group Autodetect
11:30:14: SceneManagerFactory for type 'DefaultSceneManager' registered.
11:30:14: Registering ResourceManager for type Material
11:30:14: Registering ResourceManager for type Mesh
11:30:14: Registering ResourceManager for type Skeleton
11:30:14: MovableObjectFactory for type 'ParticleSystem' registered.
11:30:14: ArchiveFactory for archive type FileSystem registered.
11:30:14: ArchiveFactory for archive type Zip registered.
11:30:14: ArchiveFactory for archive type EmbeddedZip registered.
11:30:14: DDS codec registering
11:30:14: FreeImage version: 3.17.0
11:30:14: This program uses FreeImage, a free, open source image library supporting all common bitmap formats. See http://freeimage.sourceforge.net for details
11:30:14: Supported formats: bmp,ico,jpg,jif,jpeg,jpe,jng,mng,pbm,pbm,pgm,pgm,png,ppm,ppm,wap,wbmp,wbm,psd,cut,xbm,xpm,dds,gif,hdr,j2k,j2c,jp2,pfm
11:30:14: Registering ResourceManager for type HighLevelGpuProgram
11:30:14: Registering ResourceManager for type Compositor
11:30:14: MovableObjectFactory for type 'Entity' registered.
11:30:14: MovableObjectFactory for type 'Light' registered.
11:30:14: MovableObjectFactory for type 'BillboardSet' registered.
11:30:14: MovableObjectFactory for type 'ManualObject' registered.
11:30:14: MovableObjectFactory for type 'BillboardChain' registered.
11:30:14: MovableObjectFactory for type 'RibbonTrail' registered.
11:30:14: FileNotFoundException: 'plugins.cfg' file not found! in ConfigFile::load at src\OgreConfigFile.cpp (line 74)
11:30:14: plugins.cfg not found, automatic plugin loading disabled.
11:30:14: *-*-* OGRE Initialising
11:30:14: *-*-* Version 1.10.5 (Xalafu)
11:30:14: D3D9 : Direct3D9 Rendering Subsystem created.
11:30:14: D3D9: Driver Detection Starts
11:30:14: D3D9: Driver Detection Ends
11:30:15: Installing plugin: Octree Scene Manager
11:30:15: Plugin successfully installed
11:30:15: Installing plugin: Caelum
11:30:15: Caelum plugin version 0.6.1 installed
11:30:15: Plugin successfully installed
11:30:15: Installing plugin: ParticleUniverse
11:30:15: MovableObjectFactory for type 'PUParticleSystem' registered.
11:30:15: MovableObjectFactory for type 'BoxSet' registered.
11:30:15: MovableObjectFactory for type 'SphereSet' registered.
11:30:15: ParticleUniverse: Particle Renderer Type 'Beam' registered
11:30:15: ParticleUniverse: Particle Renderer Type 'Billboard' registered
11:30:15: ParticleUniverse: Particle Renderer Type 'Box' registered
11:30:15: ParticleUniverse: Particle Renderer Type 'Sphere' registered
11:30:15: ParticleUniverse: Particle Renderer Type 'Entity' registered
11:30:15: ParticleUniverse: Particle Renderer Type 'RibbonTrail' registered
11:30:15: ParticleUniverse: Particle Renderer Type 'Light' registered
11:30:15: ParticleUniverse: Particle Emitter Type 'Point' registered
11:30:15: ParticleUniverse: Particle Emitter Type 'Line' registered
11:30:15: ParticleUniverse: Particle Emitter Type 'Box' registered
11:30:15: ParticleUniverse: Particle Emitter Type 'Circle' registered
11:30:15: ParticleUniverse: Particle Emitter Type 'SphereSurface' registered
11:30:15: ParticleUniverse: Particle Emitter Type 'Vertex' registered
11:30:15: ParticleUniverse: Particle Emitter Type 'MeshSurface' registered
11:30:15: ParticleUniverse: Particle Emitter Type 'Position' registered
11:30:15: ParticleUniverse: Particle Emitter Type 'Slave' registered
11:30:15: ParticleUniverse: Particle Affector Type 'Dummy01' registered
11:30:15: ParticleUniverse: Particle Affector Type 'LinearForce' registered
11:30:15: ParticleUniverse: Particle Affector Type 'Gravity' registered
11:30:15: ParticleUniverse: Particle Affector Type 'ParticleFollower' registered
11:30:15: ParticleUniverse: Particle Affector Type 'Vortex' registered
11:30:15: ParticleUniverse: Particle Affector Type 'Randomiser' registered
11:30:15: ParticleUniverse: Particle Affector Type 'Line' registered
11:30:15: ParticleUniverse: Particle Affector Type 'Scale' registered
11:30:15: ParticleUniverse: Particle Affector Type 'ScaleVelocity' registered
11:30:15: ParticleUniverse: Particle Affector Type 'GeometryRotator' registered
11:30:15: ParticleUniverse: Particle Affector Type 'TextureRotator' registered
11:30:15: ParticleUniverse: Particle Affector Type 'TextureAnimator' registered
11:30:15: ParticleUniverse: Particle Affector Type 'Jet' registered
11:30:15: ParticleUniverse: Particle Affector Type 'Align' registered
11:30:15: ParticleUniverse: Particle Affector Type 'FlockCentering' registered
11:30:15: ParticleUniverse: Particle Affector Type 'CollisionAvoidance' registered
11:30:15: ParticleUniverse: Particle Affector Type 'VelocityMatching' registered
11:30:15: ParticleUniverse: Particle Affector Type 'Colour' registered
11:30:15: ParticleUniverse: Particle Affector Type 'SineForce' registered
11:30:15: ParticleUniverse: Particle Affector Type 'Dummy02' registered
11:30:15: ParticleUniverse: Particle Affector Type 'SphereCollider' registered
11:30:15: ParticleUniverse: Particle Affector Type 'PlaneCollider' registered
11:30:15: ParticleUniverse: Particle Affector Type 'BoxCollider' registered
11:30:15: ParticleUniverse: Particle Affector Type 'InterParticleCollider' registered
11:30:15: ParticleUniverse: Particle Affector Type 'PathFollower' registered
11:30:15: ParticleUniverse: Particle Affector Type 'ForceField' registered
11:30:15: ParticleUniverse: Particle Observer Type 'OnExpire' registered
11:30:15: ParticleUniverse: Particle Observer Type 'OnEmission' registered
11:30:15: ParticleUniverse: Particle Observer Type 'OnCount' registered
11:30:15: ParticleUniverse: Particle Observer Type 'OnEventFlag' registered
11:30:15: ParticleUniverse: Particle Observer Type 'OnCollision' registered
11:30:15: ParticleUniverse: Particle Observer Type 'OnVelocity' registered
11:30:15: ParticleUniverse: Particle Observer Type 'OnTime' registered
11:30:15: ParticleUniverse: Particle Observer Type 'OnPosition' registered
11:30:15: ParticleUniverse: Particle Observer Type 'OnClear' registered
11:30:15: ParticleUniverse: Particle Observer Type 'OnQuota' registered
11:30:15: ParticleUniverse: Particle Observer Type 'OnRandom' registered
11:30:15: ParticleUniverse: Particle EventHandler Type 'DoExpire' registered
11:30:15: ParticleUniverse: Particle EventHandler Type 'DoFreeze' registered
11:30:15: ParticleUniverse: Particle EventHandler Type 'DoPlacementParticle' registered
11:30:15: ParticleUniverse: Particle EventHandler Type 'DoStopSystem' registered
11:30:15: ParticleUniverse: Particle EventHandler Type 'DoEnableComponent' registered
11:30:15: ParticleUniverse: Particle EventHandler Type 'DoAffector' registered
11:30:15: ParticleUniverse: Particle EventHandler Type 'DoScale' registered
11:30:15: ParticleUniverse: Particle Extern Type 'Gravity' registered
11:30:15: ParticleUniverse: Particle Extern Type 'SphereCollider' registered
11:30:15: ParticleUniverse: Particle Extern Type 'BoxCollider' registered
11:30:15: ParticleUniverse: Particle Extern Type 'Vortex' registered
11:30:15: ParticleUniverse: Particle Extern Type 'SceneDecorator' registered
11:30:15: ParticleUniverse: Particle Behaviour Type 'Slave' registered
11:30:15: Plugin successfully installed
11:30:15: D3D9 : RenderSystem Option: Resource Creation Policy = Create on active device
11:30:15: D3D9 : RenderSystem Option: Multi device memory hint = Auto hardware buffers management
11:30:15: D3D9 : RenderSystem Option: Use Multihead = No
11:30:15: CPU Identifier & Features
11:30:15: -------------------------
11:30:15:  *   CPU ID: AuthenticAMD: AMD FX(tm)-8150 Eight-Core Processor
11:30:15:  *          SSE: yes
11:30:15:  *         SSE2: yes
11:30:15:  *         SSE3: yes
11:30:15:  *        SSE41: no
11:30:15:  *        SSE42: no
11:30:15:  *          MMX: yes
11:30:15:  *       MMXEXT: yes
11:30:15:  *        3DNOW: no
11:30:15:  *     3DNOWEXT: no
11:30:15:  *         CMOV: yes
11:30:15:  *          TSC: yes
11:30:15:  *INVARIANT TSC: yes
11:30:15:  *          FPU: yes
11:30:15:  *          PRO: yes
11:30:15:  *           HT: no
11:30:15: -------------------------
11:30:15: D3D9 : Subsystem Initialising
11:30:15: Registering ResourceManager for type Texture
11:30:15: Registering ResourceManager for type GpuProgram
11:30:15: ***************************************
11:30:15: *** D3D9 : Subsystem Initialised OK ***
11:30:15: ***************************************
11:30:15: D3D9RenderSystem::_createRenderWindow "PrimaryWindowDummy", 1x1 windowed  miscParams: FSAA=0 border=none depthBuffer=false hidden=true monitorIndex=0 vsync=false 
11:30:15: D3D9 : Created D3D9 Rendering Window 'PrimaryWindowDummy' : 1x1, 32bpp
11:30:15: D3D9 : WARNING - disabling VSync in windowed mode can cause timing issues at lower frame rates, turn VSync on if you observe this problem.
11:30:15: D3D9: Vertex texture format supported - PF_A8R8G8B8
11:30:15: D3D9: Vertex texture format supported - PF_B8G8R8A8
11:30:15: D3D9: Vertex texture format supported - PF_FLOAT16_RGB
11:30:15: D3D9: Vertex texture format supported - PF_FLOAT16_RGBA
11:30:15: D3D9: Vertex texture format supported - PF_FLOAT32_RGB
11:30:15: D3D9: Vertex texture format supported - PF_FLOAT32_RGBA
11:30:15: D3D9: Vertex texture format supported - PF_R8G8B8A8
11:30:15: D3D9: Vertex texture format supported - PF_DEPTH
11:30:15: D3D9: Vertex texture format supported - PF_FLOAT16_R
11:30:15: D3D9: Vertex texture format supported - PF_FLOAT32_R
11:30:15: D3D9: Vertex texture format supported - PF_FLOAT16_GR
11:30:15: D3D9: Vertex texture format supported - PF_FLOAT32_GR
11:30:15: D3D9: Vertex texture format supported - PF_PVRTC_RGB2
11:30:15: D3D9: Vertex texture format supported - PF_PVRTC_RGBA2
11:30:15: D3D9: Vertex texture format supported - PF_PVRTC_RGB4
11:30:15: D3D9: Vertex texture format supported - PF_PVRTC_RGBA4
11:30:15: D3D9: Vertex texture format supported - PF_PVRTC2_2BPP
11:30:15: D3D9: Vertex texture format supported - PF_PVRTC2_4BPP
11:30:15: D3D9: Vertex texture format supported - PF_R11G11B10_FLOAT
11:30:15: D3D9: Vertex texture format supported - PF_R8_UINT
11:30:15: D3D9: Vertex texture format supported - PF_R8G8_UINT
11:30:15: D3D9: Vertex texture format supported - PF_R8G8B8_UINT
11:30:15: D3D9: Vertex texture format supported - PF_R8G8B8A8_UINT
11:30:15: D3D9: Vertex texture format supported - PF_R16_UINT
11:30:15: D3D9: Vertex texture format supported - PF_R16G16_UINT
11:30:15: D3D9: Vertex texture format supported - PF_R16G16B16_UINT
11:30:15: D3D9: Vertex texture format supported - PF_R16G16B16A16_UINT
11:30:15: D3D9: Vertex texture format supported - PF_R32_UINT
11:30:15: D3D9: Vertex texture format supported - PF_R32G32_UINT
11:30:15: D3D9: Vertex texture format supported - PF_R32G32B32_UINT
11:30:15: D3D9: Vertex texture format supported - PF_R32G32B32A32_UINT
11:30:15: D3D9: Vertex texture format supported - PF_R8_SINT
11:30:15: D3D9: Vertex texture format supported - PF_R8G8_SINT
11:30:15: D3D9: Vertex texture format supported - PF_R8G8B8_SINT
11:30:15: D3D9: Vertex texture format supported - PF_R8G8B8A8_SINT
11:30:15: D3D9: Vertex texture format supported - PF_R16_SINT
11:30:15: D3D9: Vertex texture format supported - PF_R16G16_SINT
11:30:15: D3D9: Vertex texture format supported - PF_R16G16B16_SINT
11:30:15: D3D9: Vertex texture format supported - PF_R16G16B16A16_SINT
11:30:15: D3D9: Vertex texture format supported - PF_R32_SINT
11:30:15: D3D9: Vertex texture format supported - PF_R32G32_SINT
11:30:15: D3D9: Vertex texture format supported - PF_R32G32B32_SINT
11:30:15: D3D9: Vertex texture format supported - PF_R32G32B32A32_SINT
11:30:15: D3D9: Vertex texture format supported - PF_R9G9B9E5_SHAREDEXP
11:30:15: D3D9: Vertex texture format supported - PF_BC4_UNORM
11:30:15: D3D9: Vertex texture format supported - PF_BC4_SNORM
11:30:15: D3D9: Vertex texture format supported - PF_BC5_UNORM
11:30:15: D3D9: Vertex texture format supported - PF_BC5_SNORM
11:30:15: D3D9: Vertex texture format supported - PF_BC6H_UF16
11:30:15: D3D9: Vertex texture format supported - PF_BC6H_SF16
11:30:15: D3D9: Vertex texture format supported - PF_BC7_UNORM
11:30:15: D3D9: Vertex texture format supported - PF_BC7_UNORM_SRGB
11:30:15: D3D9: Vertex texture format supported - PF_R8
11:30:15: D3D9: Vertex texture format supported - PF_RG8
11:30:15: D3D9: Vertex texture format supported - PF_R8_SNORM
11:30:15: D3D9: Vertex texture format supported - PF_R8G8_SNORM
11:30:15: D3D9: Vertex texture format supported - PF_R8G8B8_SNORM
11:30:15: D3D9: Vertex texture format supported - PF_R8G8B8A8_SNORM
11:30:15: D3D9: Vertex texture format supported - PF_R16_SNORM
11:30:15: D3D9: Vertex texture format supported - PF_R16G16_SNORM
11:30:15: D3D9: Vertex texture format supported - PF_R16G16B16_SNORM
11:30:15: D3D9: Vertex texture format supported - PF_R16G16B16A16_SNORM
11:30:15: D3D9: Vertex texture format supported - PF_ETC1_RGB8
11:30:15: D3D9: Vertex texture format supported - PF_ETC2_RGB8
11:30:15: D3D9: Vertex texture format supported - PF_ETC2_RGBA8
11:30:15: D3D9: Vertex texture format supported - PF_ETC2_RGB8A1
11:30:15: D3D9: Vertex texture format supported - PF_ATC_RGB
11:30:15: D3D9: Vertex texture format supported - PF_ATC_RGBA_EXPLICIT_ALPHA
11:30:15: D3D9: Vertex texture format supported - PF_ATC_RGBA_INTERPOLATED_ALPHA
11:30:15: RenderSystem capabilities
11:30:15: -------------------------
11:30:15: RenderSystem Name: Direct3D9 Rendering Subsystem
11:30:15: GPU Vendor: nvidia
11:30:15: Device Name: Monitor-1-NVIDIA GeForce GTX 960
11:30:15: Driver Version: 23.21.13.9101
11:30:15:  * Fixed function pipeline: yes
11:30:15:  * Anisotropic texture filtering: yes
11:30:15:  * Cube mapping: yes
11:30:15:  * Hardware stencil buffer: yes
11:30:15:    - Stencil depth: 8
11:30:15:    - Two sided stencil support: yes
11:30:15:    - Wrap stencil values: yes
11:30:15:  * 32-bit index buffers: yes
11:30:15:  * Vertex programs: yes
11:30:15:  * Number of floating-point constants for vertex programs: 256
11:30:15:  * Number of integer constants for vertex programs: 16
11:30:15:  * Number of boolean constants for vertex programs: 16
11:30:15:  * Fragment programs: yes
11:30:15:  * Number of floating-point constants for fragment programs: 224
11:30:15:  * Number of integer constants for fragment programs: 16
11:30:15:  * Number of boolean constants for fragment programs: 16
11:30:15:  * Geometry programs: no
11:30:15:  * Number of floating-point constants for geometry programs: 0
11:30:15:  * Number of integer constants for geometry programs: 0
11:30:15:  * Number of boolean constants for geometry programs: 0
11:30:15:  * Tessellation Hull programs: no
11:30:15:  * Number of floating-point constants for tessellation hull programs: 0
11:30:15:  * Number of integer constants for tessellation hull programs: 0
11:30:15:  * Number of boolean constants for tessellation hull programs: 0
11:30:15:  * Tessellation Domain programs: no
11:30:15:  * Number of floating-point constants for tessellation domain programs: 0
11:30:15:  * Number of integer constants for tessellation domain programs: 0
11:30:15:  * Number of boolean constants for tessellation domain programs: 0
11:30:15:  * Compute programs: no
11:30:15:  * Number of floating-point constants for compute programs: 0
11:30:15:  * Number of integer constants for compute programs: 0
11:30:15:  * Number of boolean constants for compute programs: 0
11:30:15:  * Supported Shader Profiles: hlsl ps_1_1 ps_1_2 ps_1_3 ps_1_4 ps_2_0 ps_2_a ps_2_b ps_2_x ps_3_0 vs_1_1 vs_2_0 vs_2_a vs_2_x vs_3_0
11:30:15:  * Texture Compression: yes
11:30:15:    - DXT: yes
11:30:15:    - VTC: no
11:30:15:    - PVRTC: no
11:30:15:    - ATC: no
11:30:15:    - ETC1: no
11:30:15:    - ETC2: no
11:30:15:    - BC4/BC5: no
11:30:15:    - BC6H/BC7: no
11:30:15:    - Mipmaps for compressed formats: yes
11:30:15:  * Hardware Occlusion Query: yes
11:30:15:  * User clip planes: yes
11:30:15:  * VET_UBYTE4 vertex element type: yes
11:30:15:  * Infinite far plane projection: yes
11:30:15:  * Hardware render-to-texture: yes
11:30:15:  * Floating point textures: yes
11:30:15:  * Non-power-of-two textures: yes
11:30:15:  * 1d textures: yes
11:30:15:  * Volume textures: yes
11:30:15:  * Multiple Render Targets: 4
11:30:15:    - With different bit depths: yes
11:30:15:  * Point Sprites: yes
11:30:15:  * Hardware Gamma: no
11:30:15:  * Extended point parameters: yes
11:30:15:  * Max Point Size: 8192
11:30:15:  * Vertex texture fetch: yes
11:30:15:  * Number of world matrices: 0
11:30:15:  * Number of texture units: 8
11:30:15:  * Stencil buffer depth: 8
11:30:15:  * Number of vertex blend matrices: 0
11:30:15:    - Max vertex textures: 4
11:30:15:    - Vertex textures shared: no
11:30:15:  * Render to Vertex Buffer : no
11:30:15:  * Hardware Atomic Counters: no
11:30:15:  * DirectX per stage constants: yes
11:30:15: DefaultWorkQueue('Root') initialising on thread main.
11:30:15: Particle Renderer Type 'billboard' registered
11:30:15: SceneManagerFactory for type 'OctreeSceneManager' registered.
11:30:15: Creating resource group shader
11:30:15: Creating resource group models
11:30:15: Creating resource group OBJMATERIALS
11:30:15: Creating resource group OBJTEXTURES
11:30:15: Creating resource group NAMEMATERIALS
11:30:15: Creating resource group NAMETEXTURES
11:30:15: Creating resource group PROJECTILEMATERIALS
11:30:15: Creating resource group PROJECTILETEXTURES
11:30:15: Creating resource group MAPMATERIALS
11:30:15: Creating resource group roomtextures
11:30:15: D3D9RenderSystem::_createRenderWindow "Meridian 59", 1280x720 windowed  miscParams: FSAA=8 [Quality] border=fixed monitorIndex=0 vsync=True 
11:30:15: D3D9 : Created D3D9 Rendering Window 'Meridian 59' : 1264x681, 32bpp
11:30:15: D3D9 : WARNING - disabling VSync in windowed mode can cause timing issues at lower frame rates, turn VSync on if you observe this problem.
11:30:15: D3D9: Vertex texture format supported - PF_A8R8G8B8
11:30:15: D3D9: Vertex texture format supported - PF_B8G8R8A8
11:30:15: D3D9: Vertex texture format supported - PF_FLOAT16_RGB
11:30:15: D3D9: Vertex texture format supported - PF_FLOAT16_RGBA
11:30:15: D3D9: Vertex texture format supported - PF_FLOAT32_RGB
11:30:15: D3D9: Vertex texture format supported - PF_FLOAT32_RGBA
11:30:15: D3D9: Vertex texture format supported - PF_R8G8B8A8
11:30:15: D3D9: Vertex texture format supported - PF_DEPTH
11:30:15: D3D9: Vertex texture format supported - PF_FLOAT16_R
11:30:15: D3D9: Vertex texture format supported - PF_FLOAT32_R
11:30:15: D3D9: Vertex texture format supported - PF_FLOAT16_GR
11:30:15: D3D9: Vertex texture format supported - PF_FLOAT32_GR
11:30:15: D3D9: Vertex texture format supported - PF_PVRTC_RGB2
11:30:15: D3D9: Vertex texture format supported - PF_PVRTC_RGBA2
11:30:15: D3D9: Vertex texture format supported - PF_PVRTC_RGB4
11:30:15: D3D9: Vertex texture format supported - PF_PVRTC_RGBA4
11:30:15: D3D9: Vertex texture format supported - PF_PVRTC2_2BPP
11:30:15: D3D9: Vertex texture format supported - PF_PVRTC2_4BPP
11:30:15: D3D9: Vertex texture format supported - PF_R11G11B10_FLOAT
11:30:15: D3D9: Vertex texture format supported - PF_R8_UINT
11:30:15: D3D9: Vertex texture format supported - PF_R8G8_UINT
11:30:15: D3D9: Vertex texture format supported - PF_R8G8B8_UINT
11:30:15: D3D9: Vertex texture format supported - PF_R8G8B8A8_UINT
11:30:15: D3D9: Vertex texture format supported - PF_R16_UINT
11:30:15: D3D9: Vertex texture format supported - PF_R16G16_UINT
11:30:15: D3D9: Vertex texture format supported - PF_R16G16B16_UINT
11:30:15: D3D9: Vertex texture format supported - PF_R16G16B16A16_UINT
11:30:15: D3D9: Vertex texture format supported - PF_R32_UINT
11:30:15: D3D9: Vertex texture format supported - PF_R32G32_UINT
11:30:15: D3D9: Vertex texture format supported - PF_R32G32B32_UINT
11:30:15: D3D9: Vertex texture format supported - PF_R32G32B32A32_UINT
11:30:15: D3D9: Vertex texture format supported - PF_R8_SINT
11:30:15: D3D9: Vertex texture format supported - PF_R8G8_SINT
11:30:15: D3D9: Vertex texture format supported - PF_R8G8B8_SINT
11:30:15: D3D9: Vertex texture format supported - PF_R8G8B8A8_SINT
11:30:15: D3D9: Vertex texture format supported - PF_R16_SINT
11:30:15: D3D9: Vertex texture format supported - PF_R16G16_SINT
11:30:15: D3D9: Vertex texture format supported - PF_R16G16B16_SINT
11:30:15: D3D9: Vertex texture format supported - PF_R16G16B16A16_SINT
11:30:15: D3D9: Vertex texture format supported - PF_R32_SINT
11:30:15: D3D9: Vertex texture format supported - PF_R32G32_SINT
11:30:15: D3D9: Vertex texture format supported - PF_R32G32B32_SINT
11:30:15: D3D9: Vertex texture format supported - PF_R32G32B32A32_SINT
11:30:15: D3D9: Vertex texture format supported - PF_R9G9B9E5_SHAREDEXP
11:30:15: D3D9: Vertex texture format supported - PF_BC4_UNORM
11:30:15: D3D9: Vertex texture format supported - PF_BC4_SNORM
11:30:15: D3D9: Vertex texture format supported - PF_BC5_UNORM
11:30:15: D3D9: Vertex texture format supported - PF_BC5_SNORM
11:30:15: D3D9: Vertex texture format supported - PF_BC6H_UF16
11:30:15: D3D9: Vertex texture format supported - PF_BC6H_SF16
11:30:15: D3D9: Vertex texture format supported - PF_BC7_UNORM
11:30:15: D3D9: Vertex texture format supported - PF_BC7_UNORM_SRGB
11:30:15: D3D9: Vertex texture format supported - PF_R8
11:30:15: D3D9: Vertex texture format supported - PF_RG8
11:30:15: D3D9: Vertex texture format supported - PF_R8_SNORM
11:30:15: D3D9: Vertex texture format supported - PF_R8G8_SNORM
11:30:15: D3D9: Vertex texture format supported - PF_R8G8B8_SNORM
11:30:15: D3D9: Vertex texture format supported - PF_R8G8B8A8_SNORM
11:30:15: D3D9: Vertex texture format supported - PF_R16_SNORM
11:30:15: D3D9: Vertex texture format supported - PF_R16G16_SNORM
11:30:15: D3D9: Vertex texture format supported - PF_R16G16B16_SNORM
11:30:15: D3D9: Vertex texture format supported - PF_R16G16B16A16_SNORM
11:30:15: D3D9: Vertex texture format supported - PF_ETC1_RGB8
11:30:15: D3D9: Vertex texture format supported - PF_ETC2_RGB8
11:30:15: D3D9: Vertex texture format supported - PF_ETC2_RGBA8
11:30:15: D3D9: Vertex texture format supported - PF_ETC2_RGB8A1
11:30:15: D3D9: Vertex texture format supported - PF_ATC_RGB
11:30:15: D3D9: Vertex texture format supported - PF_ATC_RGBA_EXPLICIT_ALPHA
11:30:15: D3D9: Vertex texture format supported - PF_ATC_RGBA_INTERPOLATED_ALPHA
11:30:15: Creating resource group ImageSets
11:30:15: Creating resource group Fonts
11:30:15: Creating resource group Schemes
11:30:15: Creating resource group LookNFeel
11:30:15: Creating resource group Layouts
11:30:15: Added resource location '../resources/ui\ImageSets' of type 'FileSystem' to resource group 'ImageSets'
11:30:15: Added resource location '../resources/ui\Fonts' of type 'FileSystem' to resource group 'Fonts'
11:30:15: Added resource location '../resources/ui\Schemes' of type 'FileSystem' to resource group 'Schemes'
11:30:15: Added resource location '../resources/ui\LookNFeel' of type 'FileSystem' to resource group 'LookNFeel'
11:30:15: Added resource location '../resources/ui\Layouts' of type 'FileSystem' to resource group 'Layouts'
11:30:15: Creating resource group Animations
11:30:15: Added resource location '../resources/ui\Animations' of type 'FileSystem' to resource group 'Animations'
11:30:15: Initialising resource group ImageSets
11:30:15: Parsing scripts for resource group ImageSets
11:30:15: Finished parsing scripts for resource group ImageSets
11:30:15: Creating resources for group ImageSets
11:30:15: All done
11:30:15: Initialising resource group Fonts
11:30:15: Parsing scripts for resource group Fonts
11:30:15: Finished parsing scripts for resource group Fonts
11:30:15: Creating resources for group Fonts
11:30:15: All done
11:30:15: Initialising resource group Schemes
11:30:15: Parsing scripts for resource group Schemes
11:30:15: Finished parsing scripts for resource group Schemes
11:30:15: Creating resources for group Schemes
11:30:15: All done
11:30:15: Initialising resource group LookNFeel
11:30:15: Parsing scripts for resource group LookNFeel
11:30:15: Finished parsing scripts for resource group LookNFeel
11:30:15: Creating resources for group LookNFeel
11:30:15: All done
11:30:15: Initialising resource group Layouts
11:30:15: Parsing scripts for resource group Layouts
11:30:15: Finished parsing scripts for resource group Layouts
11:30:15: Creating resources for group Layouts
11:30:15: All done
11:30:15: Initialising resource group Animations
11:30:15: Parsing scripts for resource group Animations
11:30:15: Finished parsing scripts for resource group Animations
11:30:15: Creating resources for group Animations
11:30:15: All done
11:30:15: Loading resource group 'ImageSets' - Resources: 1 World Geometry: 1
11:30:15: Finished loading resource group ImageSets
11:30:15: Loading resource group 'Fonts' - Resources: 1 World Geometry: 1
11:30:15: Finished loading resource group Fonts
11:30:15: Loading resource group 'Schemes' - Resources: 1 World Geometry: 1
11:30:15: Finished loading resource group Schemes
11:30:15: Loading resource group 'LookNFeel' - Resources: 1 World Geometry: 1
11:30:15: Finished loading resource group LookNFeel
11:30:15: Loading resource group 'Layouts' - Resources: 1 World Geometry: 1
11:30:15: Finished loading resource group Layouts
11:30:15: Loading resource group 'Animations' - Resources: 1 World Geometry: 1
11:30:15: Finished loading resource group Animations
11:30:17: Added resource location '../resources/shader' of type 'FileSystem' to resource group 'shader'
11:30:17: Initialising resource group shader
11:30:17: Parsing scripts for resource group shader
11:30:17: Parsing script compositors.material
11:30:17: Parsing script general.material
11:30:17: Parsing script compositors.compositor
11:30:17: Finished parsing scripts for resource group shader
11:30:17: Creating resources for group shader
11:30:17: All done
11:30:17: Preparing resource group 'shader' - Resources: 1 World Geometry: 1
11:30:17: Finished preparing resource group shader
11:30:17: Loading resource group 'shader' - Resources: 1 World Geometry: 1
11:30:17: D3D9 : Loading 2D Texture, image name : 'noise.dds' with 5 mip map levels
11:30:17: Finished loading resource group shader
11:30:17: Added resource location '../resources/models\apple' of type 'FileSystem' to resource group 'models'
11:30:17: Added resource location '../resources/models\barrel' of type 'FileSystem' to resource group 'models'
11:30:17: Added resource location '../resources/models\barstool' of type 'FileSystem' to resource group 'models'
11:30:17: Added resource location '../resources/models\brazier' of type 'FileSystem' to resource group 'models'
11:30:17: Added resource location '../resources/models\chalice' of type 'FileSystem' to resource group 'models'
11:30:17: Added resource location '../resources/models\dice' of type 'FileSystem' to resource group 'models'
11:30:17: Added resource location '../resources/models\jug4' of type 'FileSystem' to resource group 'models'
11:30:17: Added resource location '../resources/models\mushroom' of type 'FileSystem' to resource group 'models'
11:30:17: Added resource location '../resources/models\news' of type 'FileSystem' to resource group 'models'
11:30:17: Added resource location '../resources/models\razshrub' of type 'FileSystem' to resource group 'models'
11:30:17: Added resource location '../resources/models\raztree1' of type 'FileSystem' to resource group 'models'
11:30:17: Added resource location '../resources/models\table' of type 'FileSystem' to resource group 'models'
11:30:17: Added resource location '../resources/models\tombcros' of type 'FileSystem' to resource group 'models'
11:30:17: Added resource location '../resources/models\tombston' of type 'FileSystem' to resource group 'models'
11:30:17: Initialising resource group models
11:30:17: Parsing scripts for resource group models
11:30:17: Parsing script apple.material
11:30:17: Parsing script barrel.material
11:30:17: Parsing script barstool.material
11:30:17: Parsing script brazier.material
11:30:17: Parsing script chalice.material
11:30:17: Parsing script dice.material
11:30:17: Parsing script jug4.material
11:30:17: Parsing script mushroom.material
11:30:17: Parsing script news.material
11:30:17: Parsing script razshrub.material
11:30:17: Parsing script raztree1.material
11:30:17: Parsing script table.material
11:30:17: Parsing script tombcros.material
11:30:17: Parsing script tombston.material
11:30:17: Finished parsing scripts for resource group models
11:30:17: Creating resources for group models
11:30:17: All done
11:30:17: Preparing resource group 'models' - Resources: 1 World Geometry: 1
11:30:17: Finished preparing resource group models
11:30:17: Creating resource group particles
11:30:17: Added resource location '../resources/particles' of type 'FileSystem' to resource group 'particles'
11:30:17: Initialising resource group particles
11:30:17: Parsing scripts for resource group particles
11:30:17: Parsing script particles.material
11:30:17: Parsing script weather.material
11:30:17: Parsing script blackHole.pu
11:30:17: Compiler error: unknown error in blackHole.pu(1): token class, system, unrecognized.
11:30:17: Compiler error: unknown error in blackHole.pu(9): token class, renderer, unrecognized.
11:30:17: Compiler error: unknown error in blackHole.pu(37): token class, renderer, unrecognized.
11:30:17: Compiler error: unknown error in blackHole.pu(47): token class, particle_width, unrecognized.
11:30:17: Compiler error: unknown error in blackHole.pu(52): token class, particle_height, unrecognized.
11:30:17: ParticleUniverse: Particle System Template 'blackHole' registered
11:30:17: Texture: pump_flare_04.png: Loading 1 faces(PF_A8R8G8B8,256x256x1) Internal format is PF_A8R8G8B8,256x256x1.
11:30:17: Texture: pump_streak_03.png: Loading 1 faces(PF_A8R8G8B8,24x128x1) Internal format is PF_A8R8G8B8,24x128x1.
11:30:17: Parsing script mp_torch.pu
11:30:17: Compiler error: unknown error in mp_torch.pu(1): token class, system, unrecognized.
11:30:17: Compiler error: unknown error in mp_torch.pu(8): token class, renderer, unrecognized.
11:30:17: Compiler error: unknown error in mp_torch.pu(17): token class, time_to_live, unrecognized.
11:30:17: Compiler error: unknown error in mp_torch.pu(22): token class, velocity, unrecognized.
11:30:17: Compiler error: unknown error in mp_torch.pu(27): token class, all_particle_dimensions, unrecognized.
11:30:17: Compiler error: unknown error in mp_torch.pu(43): token class, x_scale, unrecognized.
11:30:17: Compiler error: unknown error in mp_torch.pu(49): token class, y_scale, unrecognized.
11:30:17: ParticleUniverse: Particle System Template 'mp_torch' registered
11:30:17: D3D9 : Loading 2D Texture, image name : 'mp_fire_02_2x2.dds' with 5 mip map levels
11:30:17: Parsing script weather_snow.pu
11:30:17: Compiler error: unknown error in weather_snow.pu(1): token class, system, unrecognized.
11:30:17: Compiler error: unknown error in weather_snow.pu(9): token class, renderer, unrecognized.
11:30:17: Compiler error: unknown error in weather_snow.pu(16): token class, angle, unrecognized.
11:30:17: Compiler error: unknown error in weather_snow.pu(22): token class, velocity, unrecognized.
11:30:17: Compiler error: unknown error in weather_snow.pu(27): token class, all_particle_dimensions, unrecognized.
11:30:17: Compiler error: unknown error in weather_snow.pu(51): token class, observer, unrecognized.
11:30:17: Compiler error: unknown error in weather_snow.pu(56): token class, observer, unrecognized.
11:30:17: Compiler error: unknown error in weather_snow.pu(59): token class, handler, unrecognized.
11:30:17: Compiler error: unknown error in weather_snow.pu(63): token class, handler, unrecognized.
11:30:17: Compiler error: unknown error in weather_snow.pu(68): token class, observer, unrecognized.
11:30:17: Compiler error: unknown error in weather_snow.pu(71): token class, handler, unrecognized.
11:30:17: Compiler error: unknown error in weather_snow.pu(75): token class, handler, unrecognized.
11:30:17: ParticleUniverse: Particle System Template 'Weather/Snow' registered
11:30:17: Texture: weather_snow.png: Loading 1 faces(PF_A8R8G8B8,512x512x1) Internal format is PF_A8R8G8B8,512x512x1.
11:30:17: Finished parsing scripts for resource group particles
11:30:17: Creating resources for group particles
11:30:17: All done
11:30:17: Preparing resource group 'particles' - Resources: 1 World Geometry: 1
11:30:17: Finished preparing resource group particles
11:30:17: Creating resource group sky
11:30:17: Added resource location '../resources/sky' of type 'FileSystem' to resource group 'sky'
11:30:17: Initialising resource group sky
11:30:17: Parsing scripts for resource group sky
11:30:17: Parsing script sky.material
11:30:17: Finished parsing scripts for resource group sky
11:30:17: Creating resources for group sky
11:30:17: All done
11:30:17: Preparing resource group 'sky' - Resources: 1 World Geometry: 1
11:30:17: Finished preparing resource group sky
11:30:17: Creating resource group decoration
11:30:17: Added resource location '../resources/decoration' of type 'FileSystem' to resource group 'decoration'
11:30:17: Added resource location '../resources/decoration\grass' of type 'FileSystem' to resource group 'decoration'
11:30:17: Initialising resource group decoration
11:30:17: Parsing scripts for resource group decoration
11:30:17: Parsing script grass.material
11:30:17: Finished parsing scripts for resource group decoration
11:30:17: Creating resources for group decoration
11:30:17: All done
11:30:17: Preparing resource group 'decoration' - Resources: 1 World Geometry: 1
11:30:17: Finished preparing resource group decoration
11:30:17: Loading resource group 'decoration' - Resources: 1 World Geometry: 1
11:30:17: Texture: grass1.png: Loading 1 faces(PF_A8R8G8B8,256x256x1) Internal format is PF_A8R8G8B8,256x256x1.
11:30:17: Texture: grass2.png: Loading 1 faces(PF_A8R8G8B8,256x256x1) Internal format is PF_A8R8G8B8,256x256x1.
11:30:17: Texture: grass3.png: Loading 1 faces(PF_A8R8G8B8,256x256x1) Internal format is PF_A8R8G8B8,256x256x1.
11:30:17: Texture: grass4.png: Loading 1 faces(PF_A8R8G8B8,256x256x1) Internal format is PF_A8R8G8B8,256x256x1.
11:30:17: Texture: grass5.png: Loading 1 faces(PF_A8R8G8B8,256x256x1) Internal format is PF_A8R8G8B8,256x256x1.
11:30:17: Texture: grass6.png: Loading 1 faces(PF_A8R8G8B8,256x256x1) Internal format is PF_A8R8G8B8,256x256x1.
11:30:17: Texture: grass7.png: Loading 1 faces(PF_A8R8G8B8,256x256x1) Internal format is PF_A8R8G8B8,256x256x1.
11:30:17: Texture: grass8.png: Loading 1 faces(PF_A8R8G8B8,256x256x1) Internal format is PF_A8R8G8B8,256x256x1.
11:30:17: Finished loading resource group decoration
11:30:17: Added resource location '../resources/roomtextures' of type 'FileSystem' to resource group 'roomtextures'
11:30:17: Initialising resource group roomtextures
11:30:17: Parsing scripts for resource group roomtextures
11:30:17: Finished parsing scripts for resource group roomtextures
11:30:17: Creating resources for group roomtextures
11:30:17: All done
11:30:17: Preparing resource group 'roomtextures' - Resources: 1 World Geometry: 1
11:30:19: Finished preparing resource group roomtextures
11:30:19: Creating resource group caelum
11:30:19: Added resource location '../resources/caelum' of type 'FileSystem' to resource group 'caelum'
11:30:19: Initialising resource group caelum
11:30:19: Parsing scripts for resource group caelum
11:30:19: Parsing script Caelum.material
11:30:19: Finished parsing scripts for resource group caelum
11:30:19: Creating resources for group caelum
11:30:19: All done
11:30:19: Preparing resource group 'caelum' - Resources: 1 World Geometry: 1
11:30:19: Finished preparing resource group caelum
11:30:19: Loading resource group 'caelum' - Resources: 1 World Geometry: 1
11:30:19: D3D9 : Loading 2D Texture, image name : 'noise1.dds' with 5 mip map levels
11:30:19: D3D9 : Loading 2D Texture, image name : 'noise2.dds' with 5 mip map levels
11:30:19: D3D9 : Loading 2D Texture, image name : 'noise4.dds' with 5 mip map levels
11:30:19: Texture: sun_disc.png: Loading 1 faces(PF_A8R8G8B8,128x128x1) Internal format is PF_A8R8G8B8,128x128x1.
11:30:19: D3D9 : Loading 2D Texture, image name : 'moon_disc.dds' with 5 mip map levels
11:30:19: Texture: EarthClearSky2.png: Loading 1 faces(PF_A8R8G8B8,64x64x1) with 0 generated mipmaps from Image. Internal format is PF_A8R8G8B8,64x64x1.
11:30:19: Texture: AtmosphereDepth.png: Loading 1 faces(PF_R8G8B8,32x1x1) Internal format is PF_X8R8G8B8,32x1x1.
11:30:19: Finished loading resource group caelum
11:30:19: Initialising resource group General
11:30:19: Parsing scripts for resource group General
11:30:19: Finished parsing scripts for resource group General
11:30:19: Creating resources for group General
11:30:19: All done
11:30:19: Caelum: Initialising Caelum system...
11:30:19: Caelum: Creating required internal resource group 'Caelum'
11:30:19: Creating resource group Caelum
11:30:19: Caelum: Creating caelum sub-components.
11:30:19: Caelum: Creating CaelumSphericDome sphere mesh resource...
11:30:19: Caelum: generateSphericDome DONE
11:30:19: Caelum: DONE initializing
11:30:19: CaelumSystem: Attached to viewport 163776920 render target Meridian 59
11:30:19: Texture: grd01601-0.png: Loading 1 faces(PF_R8G8B8,1024x1024x1) Internal format is PF_X8R8G8B8,1024x1024x1.
11:30:19: Texture: grd02002-0.png: Loading 1 faces(PF_R8G8B8,1024x1024x1) Internal format is PF_X8R8G8B8,1024x1024x1.
11:30:19: Texture: grd01903-0.png: Loading 1 faces(PF_A8R8G8B8,1024x1024x1) Internal format is PF_A8R8G8B8,1024x1024x1.
11:30:19: Mesh: Loading brazier.mesh.
11:30:19: Texture: brazier_socle.png: Loading 1 faces(PF_R8G8B8,512x512x1) Internal format is PF_X8R8G8B8,512x512x1.
11:30:19: Texture: brazier_pan.png: Loading 1 faces(PF_R8G8B8,512x512x1) Internal format is PF_X8R8G8B8,512x512x1.
11:30:23: CaelumSystem: Detached from  viewport 163776920 render target Meridian 59
11:30:23: Caelum: Shutting down Caelum system...
11:30:23: Caelum: Delete UniversalClock
11:30:23: Caelum: Delete UniversalClock
11:30:23: Caelum: CaelumSystem destroyed.
11:30:23: Uninstalling plugin: Octree Scene Manager
11:30:23: Plugin successfully uninstalled
11:30:23: Uninstalling plugin: Caelum
11:30:23: Caelum plugin uninstalled
11:30:23: Plugin successfully uninstalled
11:30:23: Uninstalling plugin: ParticleUniverse
11:30:23: Plugin successfully uninstalled
11:30:23: DefaultWorkQueue('Root') shutting down on thread main.
11:30:23: *-*-* OGRE Shutdown
11:30:23: Unregistering ResourceManager for type Compositor
11:30:23: Unregistering ResourceManager for type Skeleton
11:30:23: Unregistering ResourceManager for type Mesh
11:30:23: Unregistering ResourceManager for type HighLevelGpuProgram
11:30:23: Unregistering ResourceManager for type Material
