18:33:48: Creating resource group General
18:33:48: Creating resource group Internal
18:33:48: Creating resource group Autodetect
18:33:48: SceneManagerFactory for type 'DefaultSceneManager' registered.
18:33:48: Registering ResourceManager for type Material
18:33:48: Registering ResourceManager for type Mesh
18:33:48: Registering ResourceManager for type Skeleton
18:33:48: MovableObjectFactory for type 'ParticleSystem' registered.
18:33:48: ArchiveFactory for archive type FileSystem registered.
18:33:48: ArchiveFactory for archive type Zip registered.
18:33:48: ArchiveFactory for archive type EmbeddedZip registered.
18:33:48: DDS codec registering
18:33:48: FreeImage version: 3.17.0
18:33:48: This program uses FreeImage, a free, open source image library supporting all common bitmap formats. See http://freeimage.sourceforge.net for details
18:33:48: Supported formats: bmp,ico,jpg,jif,jpeg,jpe,jng,mng,pbm,pbm,pgm,pgm,png,ppm,ppm,wap,wbmp,wbm,psd,cut,xbm,xpm,dds,gif,hdr,j2k,j2c,jp2,pfm
18:33:48: Registering ResourceManager for type HighLevelGpuProgram
18:33:48: Registering ResourceManager for type Compositor
18:33:48: MovableObjectFactory for type 'Entity' registered.
18:33:48: MovableObjectFactory for type 'Light' registered.
18:33:48: MovableObjectFactory for type 'BillboardSet' registered.
18:33:48: MovableObjectFactory for type 'ManualObject' registered.
18:33:48: MovableObjectFactory for type 'BillboardChain' registered.
18:33:48: MovableObjectFactory for type 'RibbonTrail' registered.
18:33:48: FileNotFoundException: 'plugins.cfg' file not found! in ConfigFile::load at src\OgreConfigFile.cpp (line 74)
18:33:48: plugins.cfg not found, automatic plugin loading disabled.
18:33:48: *-*-* OGRE Initialising
18:33:48: *-*-* Version 1.10.5 (Xalafu)
18:33:48: D3D9 : Direct3D9 Rendering Subsystem created.
18:33:49: D3D9: Driver Detection Starts
18:33:49: D3D9: Driver Detection Ends
18:33:49: Installing plugin: Octree Scene Manager
18:33:49: Plugin successfully installed
18:33:49: Installing plugin: Caelum
18:33:49: Caelum plugin version 0.6.1 installed
18:33:49: Plugin successfully installed
18:33:49: Installing plugin: ParticleUniverse
18:33:49: MovableObjectFactory for type 'PUParticleSystem' registered.
18:33:49: MovableObjectFactory for type 'BoxSet' registered.
18:33:49: MovableObjectFactory for type 'SphereSet' registered.
18:33:49: ParticleUniverse: Particle Renderer Type 'Beam' registered
18:33:49: ParticleUniverse: Particle Renderer Type 'Billboard' registered
18:33:49: ParticleUniverse: Particle Renderer Type 'Box' registered
18:33:49: ParticleUniverse: Particle Renderer Type 'Sphere' registered
18:33:49: ParticleUniverse: Particle Renderer Type 'Entity' registered
18:33:49: ParticleUniverse: Particle Renderer Type 'RibbonTrail' registered
18:33:49: ParticleUniverse: Particle Renderer Type 'Light' registered
18:33:49: ParticleUniverse: Particle Emitter Type 'Point' registered
18:33:49: ParticleUniverse: Particle Emitter Type 'Line' registered
18:33:49: ParticleUniverse: Particle Emitter Type 'Box' registered
18:33:49: ParticleUniverse: Particle Emitter Type 'Circle' registered
18:33:49: ParticleUniverse: Particle Emitter Type 'SphereSurface' registered
18:33:49: ParticleUniverse: Particle Emitter Type 'Vertex' registered
18:33:49: ParticleUniverse: Particle Emitter Type 'MeshSurface' registered
18:33:49: ParticleUniverse: Particle Emitter Type 'Position' registered
18:33:49: ParticleUniverse: Particle Emitter Type 'Slave' registered
18:33:49: ParticleUniverse: Particle Affector Type 'Dummy01' registered
18:33:49: ParticleUniverse: Particle Affector Type 'LinearForce' registered
18:33:49: ParticleUniverse: Particle Affector Type 'Gravity' registered
18:33:49: ParticleUniverse: Particle Affector Type 'ParticleFollower' registered
18:33:49: ParticleUniverse: Particle Affector Type 'Vortex' registered
18:33:49: ParticleUniverse: Particle Affector Type 'Randomiser' registered
18:33:49: ParticleUniverse: Particle Affector Type 'Line' registered
18:33:49: ParticleUniverse: Particle Affector Type 'Scale' registered
18:33:49: ParticleUniverse: Particle Affector Type 'ScaleVelocity' registered
18:33:49: ParticleUniverse: Particle Affector Type 'GeometryRotator' registered
18:33:49: ParticleUniverse: Particle Affector Type 'TextureRotator' registered
18:33:49: ParticleUniverse: Particle Affector Type 'TextureAnimator' registered
18:33:49: ParticleUniverse: Particle Affector Type 'Jet' registered
18:33:49: ParticleUniverse: Particle Affector Type 'Align' registered
18:33:49: ParticleUniverse: Particle Affector Type 'FlockCentering' registered
18:33:49: ParticleUniverse: Particle Affector Type 'CollisionAvoidance' registered
18:33:49: ParticleUniverse: Particle Affector Type 'VelocityMatching' registered
18:33:49: ParticleUniverse: Particle Affector Type 'Colour' registered
18:33:49: ParticleUniverse: Particle Affector Type 'SineForce' registered
18:33:49: ParticleUniverse: Particle Affector Type 'Dummy02' registered
18:33:49: ParticleUniverse: Particle Affector Type 'SphereCollider' registered
18:33:49: ParticleUniverse: Particle Affector Type 'PlaneCollider' registered
18:33:49: ParticleUniverse: Particle Affector Type 'BoxCollider' registered
18:33:49: ParticleUniverse: Particle Affector Type 'InterParticleCollider' registered
18:33:49: ParticleUniverse: Particle Affector Type 'PathFollower' registered
18:33:49: ParticleUniverse: Particle Affector Type 'ForceField' registered
18:33:49: ParticleUniverse: Particle Observer Type 'OnExpire' registered
18:33:49: ParticleUniverse: Particle Observer Type 'OnEmission' registered
18:33:49: ParticleUniverse: Particle Observer Type 'OnCount' registered
18:33:49: ParticleUniverse: Particle Observer Type 'OnEventFlag' registered
18:33:49: ParticleUniverse: Particle Observer Type 'OnCollision' registered
18:33:49: ParticleUniverse: Particle Observer Type 'OnVelocity' registered
18:33:49: ParticleUniverse: Particle Observer Type 'OnTime' registered
18:33:49: ParticleUniverse: Particle Observer Type 'OnPosition' registered
18:33:49: ParticleUniverse: Particle Observer Type 'OnClear' registered
18:33:49: ParticleUniverse: Particle Observer Type 'OnQuota' registered
18:33:49: ParticleUniverse: Particle Observer Type 'OnRandom' registered
18:33:49: ParticleUniverse: Particle EventHandler Type 'DoExpire' registered
18:33:49: ParticleUniverse: Particle EventHandler Type 'DoFreeze' registered
18:33:49: ParticleUniverse: Particle EventHandler Type 'DoPlacementParticle' registered
18:33:49: ParticleUniverse: Particle EventHandler Type 'DoStopSystem' registered
18:33:49: ParticleUniverse: Particle EventHandler Type 'DoEnableComponent' registered
18:33:49: ParticleUniverse: Particle EventHandler Type 'DoAffector' registered
18:33:49: ParticleUniverse: Particle EventHandler Type 'DoScale' registered
18:33:49: ParticleUniverse: Particle Extern Type 'Gravity' registered
18:33:49: ParticleUniverse: Particle Extern Type 'SphereCollider' registered
18:33:49: ParticleUniverse: Particle Extern Type 'BoxCollider' registered
18:33:49: ParticleUniverse: Particle Extern Type 'Vortex' registered
18:33:49: ParticleUniverse: Particle Extern Type 'SceneDecorator' registered
18:33:49: ParticleUniverse: Particle Behaviour Type 'Slave' registered
18:33:49: Plugin successfully installed
18:33:49: D3D9 : RenderSystem Option: Resource Creation Policy = Create on active device
18:33:49: D3D9 : RenderSystem Option: Multi device memory hint = Auto hardware buffers management
18:33:49: D3D9 : RenderSystem Option: Use Multihead = No
18:33:49: CPU Identifier & Features
18:33:49: -------------------------
18:33:49:  *   CPU ID: AuthenticAMD: AMD FX(tm)-8150 Eight-Core Processor
18:33:49:  *          SSE: yes
18:33:49:  *         SSE2: yes
18:33:49:  *         SSE3: yes
18:33:49:  *        SSE41: no
18:33:49:  *        SSE42: no
18:33:49:  *          MMX: yes
18:33:49:  *       MMXEXT: yes
18:33:49:  *        3DNOW: no
18:33:49:  *     3DNOWEXT: no
18:33:49:  *         CMOV: yes
18:33:49:  *          TSC: yes
18:33:49:  *INVARIANT TSC: yes
18:33:49:  *          FPU: yes
18:33:49:  *          PRO: yes
18:33:49:  *           HT: no
18:33:49: -------------------------
18:33:49: D3D9 : Subsystem Initialising
18:33:49: Registering ResourceManager for type Texture
18:33:49: Registering ResourceManager for type GpuProgram
18:33:49: ***************************************
18:33:49: *** D3D9 : Subsystem Initialised OK ***
18:33:49: ***************************************
18:33:49: D3D9RenderSystem::_createRenderWindow "PrimaryWindowDummy", 1x1 windowed  miscParams: FSAA=0 border=none depthBuffer=false hidden=true monitorIndex=0 vsync=false 
18:33:49: D3D9 : Created D3D9 Rendering Window 'PrimaryWindowDummy' : 1x1, 32bpp
18:33:49: D3D9 : WARNING - disabling VSync in windowed mode can cause timing issues at lower frame rates, turn VSync on if you observe this problem.
18:33:49: D3D9: Vertex texture format supported - PF_A8R8G8B8
18:33:49: D3D9: Vertex texture format supported - PF_B8G8R8A8
18:33:49: D3D9: Vertex texture format supported - PF_FLOAT16_RGB
18:33:49: D3D9: Vertex texture format supported - PF_FLOAT16_RGBA
18:33:49: D3D9: Vertex texture format supported - PF_FLOAT32_RGB
18:33:49: D3D9: Vertex texture format supported - PF_FLOAT32_RGBA
18:33:49: D3D9: Vertex texture format supported - PF_R8G8B8A8
18:33:49: D3D9: Vertex texture format supported - PF_DEPTH
18:33:49: D3D9: Vertex texture format supported - PF_FLOAT16_R
18:33:49: D3D9: Vertex texture format supported - PF_FLOAT32_R
18:33:49: D3D9: Vertex texture format supported - PF_FLOAT16_GR
18:33:49: D3D9: Vertex texture format supported - PF_FLOAT32_GR
18:33:49: D3D9: Vertex texture format supported - PF_PVRTC_RGB2
18:33:49: D3D9: Vertex texture format supported - PF_PVRTC_RGBA2
18:33:49: D3D9: Vertex texture format supported - PF_PVRTC_RGB4
18:33:49: D3D9: Vertex texture format supported - PF_PVRTC_RGBA4
18:33:49: D3D9: Vertex texture format supported - PF_PVRTC2_2BPP
18:33:49: D3D9: Vertex texture format supported - PF_PVRTC2_4BPP
18:33:49: D3D9: Vertex texture format supported - PF_R11G11B10_FLOAT
18:33:49: D3D9: Vertex texture format supported - PF_R8_UINT
18:33:49: D3D9: Vertex texture format supported - PF_R8G8_UINT
18:33:49: D3D9: Vertex texture format supported - PF_R8G8B8_UINT
18:33:49: D3D9: Vertex texture format supported - PF_R8G8B8A8_UINT
18:33:49: D3D9: Vertex texture format supported - PF_R16_UINT
18:33:49: D3D9: Vertex texture format supported - PF_R16G16_UINT
18:33:49: D3D9: Vertex texture format supported - PF_R16G16B16_UINT
18:33:49: D3D9: Vertex texture format supported - PF_R16G16B16A16_UINT
18:33:49: D3D9: Vertex texture format supported - PF_R32_UINT
18:33:49: D3D9: Vertex texture format supported - PF_R32G32_UINT
18:33:49: D3D9: Vertex texture format supported - PF_R32G32B32_UINT
18:33:49: D3D9: Vertex texture format supported - PF_R32G32B32A32_UINT
18:33:49: D3D9: Vertex texture format supported - PF_R8_SINT
18:33:49: D3D9: Vertex texture format supported - PF_R8G8_SINT
18:33:49: D3D9: Vertex texture format supported - PF_R8G8B8_SINT
18:33:49: D3D9: Vertex texture format supported - PF_R8G8B8A8_SINT
18:33:49: D3D9: Vertex texture format supported - PF_R16_SINT
18:33:49: D3D9: Vertex texture format supported - PF_R16G16_SINT
18:33:49: D3D9: Vertex texture format supported - PF_R16G16B16_SINT
18:33:49: D3D9: Vertex texture format supported - PF_R16G16B16A16_SINT
18:33:49: D3D9: Vertex texture format supported - PF_R32_SINT
18:33:49: D3D9: Vertex texture format supported - PF_R32G32_SINT
18:33:49: D3D9: Vertex texture format supported - PF_R32G32B32_SINT
18:33:49: D3D9: Vertex texture format supported - PF_R32G32B32A32_SINT
18:33:49: D3D9: Vertex texture format supported - PF_R9G9B9E5_SHAREDEXP
18:33:49: D3D9: Vertex texture format supported - PF_BC4_UNORM
18:33:49: D3D9: Vertex texture format supported - PF_BC4_SNORM
18:33:49: D3D9: Vertex texture format supported - PF_BC5_UNORM
18:33:49: D3D9: Vertex texture format supported - PF_BC5_SNORM
18:33:49: D3D9: Vertex texture format supported - PF_BC6H_UF16
18:33:49: D3D9: Vertex texture format supported - PF_BC6H_SF16
18:33:49: D3D9: Vertex texture format supported - PF_BC7_UNORM
18:33:49: D3D9: Vertex texture format supported - PF_BC7_UNORM_SRGB
18:33:49: D3D9: Vertex texture format supported - PF_R8
18:33:49: D3D9: Vertex texture format supported - PF_RG8
18:33:49: D3D9: Vertex texture format supported - PF_R8_SNORM
18:33:49: D3D9: Vertex texture format supported - PF_R8G8_SNORM
18:33:49: D3D9: Vertex texture format supported - PF_R8G8B8_SNORM
18:33:49: D3D9: Vertex texture format supported - PF_R8G8B8A8_SNORM
18:33:49: D3D9: Vertex texture format supported - PF_R16_SNORM
18:33:49: D3D9: Vertex texture format supported - PF_R16G16_SNORM
18:33:49: D3D9: Vertex texture format supported - PF_R16G16B16_SNORM
18:33:49: D3D9: Vertex texture format supported - PF_R16G16B16A16_SNORM
18:33:49: D3D9: Vertex texture format supported - PF_ETC1_RGB8
18:33:49: D3D9: Vertex texture format supported - PF_ETC2_RGB8
18:33:49: D3D9: Vertex texture format supported - PF_ETC2_RGBA8
18:33:49: D3D9: Vertex texture format supported - PF_ETC2_RGB8A1
18:33:49: D3D9: Vertex texture format supported - PF_ATC_RGB
18:33:49: D3D9: Vertex texture format supported - PF_ATC_RGBA_EXPLICIT_ALPHA
18:33:49: D3D9: Vertex texture format supported - PF_ATC_RGBA_INTERPOLATED_ALPHA
18:33:49: RenderSystem capabilities
18:33:49: -------------------------
18:33:49: RenderSystem Name: Direct3D9 Rendering Subsystem
18:33:49: GPU Vendor: nvidia
18:33:49: Device Name: Monitor-1-NVIDIA GeForce GTX 960
18:33:49: Driver Version: 23.21.13.9101
18:33:49:  * Fixed function pipeline: yes
18:33:49:  * Anisotropic texture filtering: yes
18:33:49:  * Cube mapping: yes
18:33:49:  * Hardware stencil buffer: yes
18:33:49:    - Stencil depth: 8
18:33:49:    - Two sided stencil support: yes
18:33:49:    - Wrap stencil values: yes
18:33:49:  * 32-bit index buffers: yes
18:33:49:  * Vertex programs: yes
18:33:49:  * Number of floating-point constants for vertex programs: 256
18:33:49:  * Number of integer constants for vertex programs: 16
18:33:49:  * Number of boolean constants for vertex programs: 16
18:33:49:  * Fragment programs: yes
18:33:49:  * Number of floating-point constants for fragment programs: 224
18:33:49:  * Number of integer constants for fragment programs: 16
18:33:49:  * Number of boolean constants for fragment programs: 16
18:33:49:  * Geometry programs: no
18:33:49:  * Number of floating-point constants for geometry programs: 0
18:33:49:  * Number of integer constants for geometry programs: 0
18:33:49:  * Number of boolean constants for geometry programs: 0
18:33:49:  * Tessellation Hull programs: no
18:33:49:  * Number of floating-point constants for tessellation hull programs: 0
18:33:49:  * Number of integer constants for tessellation hull programs: 0
18:33:49:  * Number of boolean constants for tessellation hull programs: 0
18:33:49:  * Tessellation Domain programs: no
18:33:49:  * Number of floating-point constants for tessellation domain programs: 0
18:33:49:  * Number of integer constants for tessellation domain programs: 0
18:33:49:  * Number of boolean constants for tessellation domain programs: 0
18:33:49:  * Compute programs: no
18:33:49:  * Number of floating-point constants for compute programs: 0
18:33:49:  * Number of integer constants for compute programs: 0
18:33:49:  * Number of boolean constants for compute programs: 0
18:33:49:  * Supported Shader Profiles: hlsl ps_1_1 ps_1_2 ps_1_3 ps_1_4 ps_2_0 ps_2_a ps_2_b ps_2_x ps_3_0 vs_1_1 vs_2_0 vs_2_a vs_2_x vs_3_0
18:33:49:  * Texture Compression: yes
18:33:49:    - DXT: yes
18:33:49:    - VTC: no
18:33:49:    - PVRTC: no
18:33:49:    - ATC: no
18:33:49:    - ETC1: no
18:33:49:    - ETC2: no
18:33:49:    - BC4/BC5: no
18:33:49:    - BC6H/BC7: no
18:33:49:    - Mipmaps for compressed formats: yes
18:33:49:  * Hardware Occlusion Query: yes
18:33:49:  * User clip planes: yes
18:33:49:  * VET_UBYTE4 vertex element type: yes
18:33:49:  * Infinite far plane projection: yes
18:33:49:  * Hardware render-to-texture: yes
18:33:49:  * Floating point textures: yes
18:33:49:  * Non-power-of-two textures: yes
18:33:49:  * 1d textures: yes
18:33:49:  * Volume textures: yes
18:33:49:  * Multiple Render Targets: 4
18:33:49:    - With different bit depths: yes
18:33:49:  * Point Sprites: yes
18:33:49:  * Hardware Gamma: no
18:33:49:  * Extended point parameters: yes
18:33:49:  * Max Point Size: 8192
18:33:49:  * Vertex texture fetch: yes
18:33:49:  * Number of world matrices: 0
18:33:49:  * Number of texture units: 8
18:33:49:  * Stencil buffer depth: 8
18:33:49:  * Number of vertex blend matrices: 0
18:33:49:    - Max vertex textures: 4
18:33:49:    - Vertex textures shared: no
18:33:49:  * Render to Vertex Buffer : no
18:33:49:  * Hardware Atomic Counters: no
18:33:49:  * DirectX per stage constants: yes
18:33:49: DefaultWorkQueue('Root') initialising on thread main.
18:33:49: Particle Renderer Type 'billboard' registered
18:33:49: SceneManagerFactory for type 'OctreeSceneManager' registered.
18:33:49: Creating resource group shader
18:33:49: Creating resource group models
18:33:49: Creating resource group OBJMATERIALS
18:33:49: Creating resource group OBJTEXTURES
18:33:49: Creating resource group NAMEMATERIALS
18:33:49: Creating resource group NAMETEXTURES
18:33:49: Creating resource group PROJECTILEMATERIALS
18:33:49: Creating resource group PROJECTILETEXTURES
18:33:49: Creating resource group MAPMATERIALS
18:33:49: Creating resource group roomtextures
18:33:49: D3D9RenderSystem::_createRenderWindow "Meridian 59", 1280x720 windowed  miscParams: FSAA=8 border=fixed monitorIndex=0 vsync=True 
18:33:49: D3D9 : Created D3D9 Rendering Window 'Meridian 59' : 1264x681, 32bpp
18:33:49: D3D9 : WARNING - disabling VSync in windowed mode can cause timing issues at lower frame rates, turn VSync on if you observe this problem.
18:33:49: D3D9: Vertex texture format supported - PF_A8R8G8B8
18:33:49: D3D9: Vertex texture format supported - PF_B8G8R8A8
18:33:49: D3D9: Vertex texture format supported - PF_FLOAT16_RGB
18:33:49: D3D9: Vertex texture format supported - PF_FLOAT16_RGBA
18:33:49: D3D9: Vertex texture format supported - PF_FLOAT32_RGB
18:33:49: D3D9: Vertex texture format supported - PF_FLOAT32_RGBA
18:33:49: D3D9: Vertex texture format supported - PF_R8G8B8A8
18:33:49: D3D9: Vertex texture format supported - PF_DEPTH
18:33:49: D3D9: Vertex texture format supported - PF_FLOAT16_R
18:33:49: D3D9: Vertex texture format supported - PF_FLOAT32_R
18:33:49: D3D9: Vertex texture format supported - PF_FLOAT16_GR
18:33:49: D3D9: Vertex texture format supported - PF_FLOAT32_GR
18:33:49: D3D9: Vertex texture format supported - PF_PVRTC_RGB2
18:33:49: D3D9: Vertex texture format supported - PF_PVRTC_RGBA2
18:33:49: D3D9: Vertex texture format supported - PF_PVRTC_RGB4
18:33:49: D3D9: Vertex texture format supported - PF_PVRTC_RGBA4
18:33:49: D3D9: Vertex texture format supported - PF_PVRTC2_2BPP
18:33:49: D3D9: Vertex texture format supported - PF_PVRTC2_4BPP
18:33:49: D3D9: Vertex texture format supported - PF_R11G11B10_FLOAT
18:33:49: D3D9: Vertex texture format supported - PF_R8_UINT
18:33:49: D3D9: Vertex texture format supported - PF_R8G8_UINT
18:33:49: D3D9: Vertex texture format supported - PF_R8G8B8_UINT
18:33:49: D3D9: Vertex texture format supported - PF_R8G8B8A8_UINT
18:33:49: D3D9: Vertex texture format supported - PF_R16_UINT
18:33:49: D3D9: Vertex texture format supported - PF_R16G16_UINT
18:33:49: D3D9: Vertex texture format supported - PF_R16G16B16_UINT
18:33:49: D3D9: Vertex texture format supported - PF_R16G16B16A16_UINT
18:33:49: D3D9: Vertex texture format supported - PF_R32_UINT
18:33:49: D3D9: Vertex texture format supported - PF_R32G32_UINT
18:33:49: D3D9: Vertex texture format supported - PF_R32G32B32_UINT
18:33:49: D3D9: Vertex texture format supported - PF_R32G32B32A32_UINT
18:33:49: D3D9: Vertex texture format supported - PF_R8_SINT
18:33:49: D3D9: Vertex texture format supported - PF_R8G8_SINT
18:33:49: D3D9: Vertex texture format supported - PF_R8G8B8_SINT
18:33:49: D3D9: Vertex texture format supported - PF_R8G8B8A8_SINT
18:33:49: D3D9: Vertex texture format supported - PF_R16_SINT
18:33:49: D3D9: Vertex texture format supported - PF_R16G16_SINT
18:33:49: D3D9: Vertex texture format supported - PF_R16G16B16_SINT
18:33:49: D3D9: Vertex texture format supported - PF_R16G16B16A16_SINT
18:33:49: D3D9: Vertex texture format supported - PF_R32_SINT
18:33:49: D3D9: Vertex texture format supported - PF_R32G32_SINT
18:33:49: D3D9: Vertex texture format supported - PF_R32G32B32_SINT
18:33:49: D3D9: Vertex texture format supported - PF_R32G32B32A32_SINT
18:33:49: D3D9: Vertex texture format supported - PF_R9G9B9E5_SHAREDEXP
18:33:49: D3D9: Vertex texture format supported - PF_BC4_UNORM
18:33:49: D3D9: Vertex texture format supported - PF_BC4_SNORM
18:33:49: D3D9: Vertex texture format supported - PF_BC5_UNORM
18:33:49: D3D9: Vertex texture format supported - PF_BC5_SNORM
18:33:49: D3D9: Vertex texture format supported - PF_BC6H_UF16
18:33:49: D3D9: Vertex texture format supported - PF_BC6H_SF16
18:33:49: D3D9: Vertex texture format supported - PF_BC7_UNORM
18:33:49: D3D9: Vertex texture format supported - PF_BC7_UNORM_SRGB
18:33:49: D3D9: Vertex texture format supported - PF_R8
18:33:49: D3D9: Vertex texture format supported - PF_RG8
18:33:49: D3D9: Vertex texture format supported - PF_R8_SNORM
18:33:49: D3D9: Vertex texture format supported - PF_R8G8_SNORM
18:33:49: D3D9: Vertex texture format supported - PF_R8G8B8_SNORM
18:33:49: D3D9: Vertex texture format supported - PF_R8G8B8A8_SNORM
18:33:49: D3D9: Vertex texture format supported - PF_R16_SNORM
18:33:49: D3D9: Vertex texture format supported - PF_R16G16_SNORM
18:33:49: D3D9: Vertex texture format supported - PF_R16G16B16_SNORM
18:33:49: D3D9: Vertex texture format supported - PF_R16G16B16A16_SNORM
18:33:49: D3D9: Vertex texture format supported - PF_ETC1_RGB8
18:33:49: D3D9: Vertex texture format supported - PF_ETC2_RGB8
18:33:49: D3D9: Vertex texture format supported - PF_ETC2_RGBA8
18:33:49: D3D9: Vertex texture format supported - PF_ETC2_RGB8A1
18:33:49: D3D9: Vertex texture format supported - PF_ATC_RGB
18:33:49: D3D9: Vertex texture format supported - PF_ATC_RGBA_EXPLICIT_ALPHA
18:33:49: D3D9: Vertex texture format supported - PF_ATC_RGBA_INTERPOLATED_ALPHA
18:33:49: Creating resource group ImageSets
18:33:49: Creating resource group Fonts
18:33:49: Creating resource group Schemes
18:33:49: Creating resource group LookNFeel
18:33:49: Creating resource group Layouts
18:33:49: Added resource location '../resources/ui\ImageSets' of type 'FileSystem' to resource group 'ImageSets'
18:33:49: Added resource location '../resources/ui\Fonts' of type 'FileSystem' to resource group 'Fonts'
18:33:49: Added resource location '../resources/ui\Schemes' of type 'FileSystem' to resource group 'Schemes'
18:33:49: Added resource location '../resources/ui\LookNFeel' of type 'FileSystem' to resource group 'LookNFeel'
18:33:49: Added resource location '../resources/ui\Layouts' of type 'FileSystem' to resource group 'Layouts'
18:33:49: Creating resource group Animations
18:33:49: Added resource location '../resources/ui\Animations' of type 'FileSystem' to resource group 'Animations'
18:33:49: Initialising resource group ImageSets
18:33:49: Parsing scripts for resource group ImageSets
18:33:49: Finished parsing scripts for resource group ImageSets
18:33:49: Creating resources for group ImageSets
18:33:49: All done
18:33:49: Initialising resource group Fonts
18:33:49: Parsing scripts for resource group Fonts
18:33:49: Finished parsing scripts for resource group Fonts
18:33:49: Creating resources for group Fonts
18:33:49: All done
18:33:49: Initialising resource group Schemes
18:33:49: Parsing scripts for resource group Schemes
18:33:49: Finished parsing scripts for resource group Schemes
18:33:49: Creating resources for group Schemes
18:33:49: All done
18:33:49: Initialising resource group LookNFeel
18:33:49: Parsing scripts for resource group LookNFeel
18:33:49: Finished parsing scripts for resource group LookNFeel
18:33:49: Creating resources for group LookNFeel
18:33:49: All done
18:33:49: Initialising resource group Layouts
18:33:49: Parsing scripts for resource group Layouts
18:33:49: Finished parsing scripts for resource group Layouts
18:33:49: Creating resources for group Layouts
18:33:49: All done
18:33:49: Initialising resource group Animations
18:33:49: Parsing scripts for resource group Animations
18:33:49: Finished parsing scripts for resource group Animations
18:33:49: Creating resources for group Animations
18:33:49: All done
18:33:49: Loading resource group 'ImageSets' - Resources: 1 World Geometry: 1
18:33:49: Finished loading resource group ImageSets
18:33:49: Loading resource group 'Fonts' - Resources: 1 World Geometry: 1
18:33:49: Finished loading resource group Fonts
18:33:49: Loading resource group 'Schemes' - Resources: 1 World Geometry: 1
18:33:49: Finished loading resource group Schemes
18:33:49: Loading resource group 'LookNFeel' - Resources: 1 World Geometry: 1
18:33:49: Finished loading resource group LookNFeel
18:33:49: Loading resource group 'Layouts' - Resources: 1 World Geometry: 1
18:33:49: Finished loading resource group Layouts
18:33:49: Loading resource group 'Animations' - Resources: 1 World Geometry: 1
18:33:49: Finished loading resource group Animations
18:33:51: Added resource location '../resources/shader' of type 'FileSystem' to resource group 'shader'
18:33:51: Initialising resource group shader
18:33:51: Parsing scripts for resource group shader
18:33:51: Parsing script compositors.material
18:33:51: Parsing script general.material
18:33:51: Parsing script compositors.compositor
18:33:51: Finished parsing scripts for resource group shader
18:33:51: Creating resources for group shader
18:33:51: All done
18:33:51: Preparing resource group 'shader' - Resources: 1 World Geometry: 1
18:33:51: Finished preparing resource group shader
18:33:51: Loading resource group 'shader' - Resources: 1 World Geometry: 1
18:33:51: D3D9 : Loading 2D Texture, image name : 'noise.dds' with 5 mip map levels
18:33:51: Finished loading resource group shader
18:33:51: Added resource location '../resources/models\apple' of type 'FileSystem' to resource group 'models'
18:33:51: Added resource location '../resources/models\barrel' of type 'FileSystem' to resource group 'models'
18:33:51: Added resource location '../resources/models\barstool' of type 'FileSystem' to resource group 'models'
18:33:51: Added resource location '../resources/models\brazier' of type 'FileSystem' to resource group 'models'
18:33:51: Added resource location '../resources/models\chalice' of type 'FileSystem' to resource group 'models'
18:33:51: Added resource location '../resources/models\dice' of type 'FileSystem' to resource group 'models'
18:33:51: Added resource location '../resources/models\jug4' of type 'FileSystem' to resource group 'models'
18:33:51: Added resource location '../resources/models\mushroom' of type 'FileSystem' to resource group 'models'
18:33:51: Added resource location '../resources/models\news' of type 'FileSystem' to resource group 'models'
18:33:51: Added resource location '../resources/models\razshrub' of type 'FileSystem' to resource group 'models'
18:33:51: Added resource location '../resources/models\raztree1' of type 'FileSystem' to resource group 'models'
18:33:51: Added resource location '../resources/models\table' of type 'FileSystem' to resource group 'models'
18:33:51: Added resource location '../resources/models\tombcros' of type 'FileSystem' to resource group 'models'
18:33:51: Added resource location '../resources/models\tombston' of type 'FileSystem' to resource group 'models'
18:33:51: Initialising resource group models
18:33:51: Parsing scripts for resource group models
18:33:51: Parsing script apple.material
18:33:51: Parsing script barrel.material
18:33:51: Parsing script barstool.material
18:33:51: Parsing script brazier.material
18:33:51: Parsing script chalice.material
18:33:51: Parsing script dice.material
18:33:51: Parsing script jug4.material
18:33:51: Parsing script mushroom.material
18:33:51: Parsing script news.material
18:33:51: Parsing script razshrub.material
18:33:51: Parsing script raztree1.material
18:33:51: Parsing script table.material
18:33:51: Parsing script tombcros.material
18:33:51: Parsing script tombston.material
18:33:52: Finished parsing scripts for resource group models
18:33:52: Creating resources for group models
18:33:52: All done
18:33:52: Preparing resource group 'models' - Resources: 1 World Geometry: 1
18:33:52: Finished preparing resource group models
18:33:52: Creating resource group particles
18:33:52: Added resource location '../resources/particles' of type 'FileSystem' to resource group 'particles'
18:33:52: Initialising resource group particles
18:33:52: Parsing scripts for resource group particles
18:33:52: Parsing script particles.material
18:33:52: Parsing script weather.material
18:33:52: Parsing script blackHole.pu
18:33:52: Compiler error: unknown error in blackHole.pu(1): token class, system, unrecognized.
18:33:52: Compiler error: unknown error in blackHole.pu(9): token class, renderer, unrecognized.
18:33:52: Compiler error: unknown error in blackHole.pu(37): token class, renderer, unrecognized.
18:33:52: Compiler error: unknown error in blackHole.pu(47): token class, particle_width, unrecognized.
18:33:52: Compiler error: unknown error in blackHole.pu(52): token class, particle_height, unrecognized.
18:33:52: ParticleUniverse: Particle System Template 'blackHole' registered
18:33:52: Texture: pump_flare_04.png: Loading 1 faces(PF_A8R8G8B8,256x256x1) Internal format is PF_A8R8G8B8,256x256x1.
18:33:52: Texture: pump_streak_03.png: Loading 1 faces(PF_A8R8G8B8,24x128x1) Internal format is PF_A8R8G8B8,24x128x1.
18:33:52: Parsing script mp_torch.pu
18:33:52: Compiler error: unknown error in mp_torch.pu(1): token class, system, unrecognized.
18:33:52: Compiler error: unknown error in mp_torch.pu(8): token class, renderer, unrecognized.
18:33:52: Compiler error: unknown error in mp_torch.pu(17): token class, time_to_live, unrecognized.
18:33:52: Compiler error: unknown error in mp_torch.pu(22): token class, velocity, unrecognized.
18:33:52: Compiler error: unknown error in mp_torch.pu(27): token class, all_particle_dimensions, unrecognized.
18:33:52: Compiler error: unknown error in mp_torch.pu(43): token class, x_scale, unrecognized.
18:33:52: Compiler error: unknown error in mp_torch.pu(49): token class, y_scale, unrecognized.
18:33:52: ParticleUniverse: Particle System Template 'mp_torch' registered
18:33:52: D3D9 : Loading 2D Texture, image name : 'mp_fire_02_2x2.dds' with 5 mip map levels
18:33:52: Parsing script weather_snow.pu
18:33:52: Compiler error: unknown error in weather_snow.pu(1): token class, system, unrecognized.
18:33:52: Compiler error: unknown error in weather_snow.pu(9): token class, renderer, unrecognized.
18:33:52: Compiler error: unknown error in weather_snow.pu(16): token class, angle, unrecognized.
18:33:52: Compiler error: unknown error in weather_snow.pu(22): token class, velocity, unrecognized.
18:33:52: Compiler error: unknown error in weather_snow.pu(27): token class, all_particle_dimensions, unrecognized.
18:33:52: Compiler error: unknown error in weather_snow.pu(51): token class, observer, unrecognized.
18:33:52: Compiler error: unknown error in weather_snow.pu(56): token class, observer, unrecognized.
18:33:52: Compiler error: unknown error in weather_snow.pu(59): token class, handler, unrecognized.
18:33:52: Compiler error: unknown error in weather_snow.pu(63): token class, handler, unrecognized.
18:33:52: Compiler error: unknown error in weather_snow.pu(68): token class, observer, unrecognized.
18:33:52: Compiler error: unknown error in weather_snow.pu(71): token class, handler, unrecognized.
18:33:52: Compiler error: unknown error in weather_snow.pu(75): token class, handler, unrecognized.
18:33:52: ParticleUniverse: Particle System Template 'Weather/Snow' registered
18:33:52: Texture: weather_snow.png: Loading 1 faces(PF_A8R8G8B8,512x512x1) Internal format is PF_A8R8G8B8,512x512x1.
18:33:52: Finished parsing scripts for resource group particles
18:33:52: Creating resources for group particles
18:33:52: All done
18:33:52: Preparing resource group 'particles' - Resources: 1 World Geometry: 1
18:33:52: Finished preparing resource group particles
18:33:52: Creating resource group sky
18:33:52: Added resource location '../resources/sky' of type 'FileSystem' to resource group 'sky'
18:33:52: Initialising resource group sky
18:33:52: Parsing scripts for resource group sky
18:33:52: Parsing script sky.material
18:33:52: Finished parsing scripts for resource group sky
18:33:52: Creating resources for group sky
18:33:52: All done
18:33:52: Preparing resource group 'sky' - Resources: 1 World Geometry: 1
18:33:52: Finished preparing resource group sky
18:33:52: Creating resource group decoration
18:33:52: Added resource location '../resources/decoration' of type 'FileSystem' to resource group 'decoration'
18:33:52: Added resource location '../resources/decoration\grass' of type 'FileSystem' to resource group 'decoration'
18:33:52: Initialising resource group decoration
18:33:52: Parsing scripts for resource group decoration
18:33:52: Parsing script grass.material
18:33:52: Finished parsing scripts for resource group decoration
18:33:52: Creating resources for group decoration
18:33:52: All done
18:33:52: Preparing resource group 'decoration' - Resources: 1 World Geometry: 1
18:33:52: Finished preparing resource group decoration
18:33:52: Loading resource group 'decoration' - Resources: 1 World Geometry: 1
18:33:52: Texture: grass1.png: Loading 1 faces(PF_A8R8G8B8,256x256x1) Internal format is PF_A8R8G8B8,256x256x1.
18:33:52: Texture: grass2.png: Loading 1 faces(PF_A8R8G8B8,256x256x1) Internal format is PF_A8R8G8B8,256x256x1.
18:33:52: Texture: grass3.png: Loading 1 faces(PF_A8R8G8B8,256x256x1) Internal format is PF_A8R8G8B8,256x256x1.
18:33:52: Texture: grass4.png: Loading 1 faces(PF_A8R8G8B8,256x256x1) Internal format is PF_A8R8G8B8,256x256x1.
18:33:52: Texture: grass5.png: Loading 1 faces(PF_A8R8G8B8,256x256x1) Internal format is PF_A8R8G8B8,256x256x1.
18:33:52: Texture: grass6.png: Loading 1 faces(PF_A8R8G8B8,256x256x1) Internal format is PF_A8R8G8B8,256x256x1.
18:33:52: Texture: grass7.png: Loading 1 faces(PF_A8R8G8B8,256x256x1) Internal format is PF_A8R8G8B8,256x256x1.
18:33:52: Texture: grass8.png: Loading 1 faces(PF_A8R8G8B8,256x256x1) Internal format is PF_A8R8G8B8,256x256x1.
18:33:52: Finished loading resource group decoration
18:33:52: Added resource location '../resources/roomtextures' of type 'FileSystem' to resource group 'roomtextures'
18:33:52: Initialising resource group roomtextures
18:33:52: Parsing scripts for resource group roomtextures
18:33:52: Finished parsing scripts for resource group roomtextures
18:33:52: Creating resources for group roomtextures
18:33:52: All done
18:33:52: Preparing resource group 'roomtextures' - Resources: 1 World Geometry: 1
18:33:53: Finished preparing resource group roomtextures
18:33:53: Creating resource group caelum
18:33:53: Added resource location '../resources/caelum' of type 'FileSystem' to resource group 'caelum'
18:33:53: Initialising resource group caelum
18:33:53: Parsing scripts for resource group caelum
18:33:53: Parsing script Caelum.material
18:33:54: Finished parsing scripts for resource group caelum
18:33:54: Creating resources for group caelum
18:33:54: All done
18:33:54: Preparing resource group 'caelum' - Resources: 1 World Geometry: 1
18:33:54: Finished preparing resource group caelum
18:33:54: Loading resource group 'caelum' - Resources: 1 World Geometry: 1
18:33:54: D3D9 : Loading 2D Texture, image name : 'noise1.dds' with 5 mip map levels
18:33:54: D3D9 : Loading 2D Texture, image name : 'noise2.dds' with 5 mip map levels
18:33:54: D3D9 : Loading 2D Texture, image name : 'noise4.dds' with 5 mip map levels
18:33:54: Texture: sun_disc.png: Loading 1 faces(PF_A8R8G8B8,128x128x1) Internal format is PF_A8R8G8B8,128x128x1.
18:33:54: D3D9 : Loading 2D Texture, image name : 'moon_disc.dds' with 5 mip map levels
18:33:54: Texture: EarthClearSky2.png: Loading 1 faces(PF_A8R8G8B8,64x64x1) with 0 generated mipmaps from Image. Internal format is PF_A8R8G8B8,64x64x1.
18:33:54: Texture: AtmosphereDepth.png: Loading 1 faces(PF_R8G8B8,32x1x1) Internal format is PF_X8R8G8B8,32x1x1.
18:33:54: Finished loading resource group caelum
18:33:54: Initialising resource group General
18:33:54: Parsing scripts for resource group General
18:33:54: Finished parsing scripts for resource group General
18:33:54: Creating resources for group General
18:33:54: All done
18:33:54: Caelum: Initialising Caelum system...
18:33:54: Caelum: Creating required internal resource group 'Caelum'
18:33:54: Creating resource group Caelum
18:33:54: Caelum: Creating caelum sub-components.
18:33:54: Caelum: Creating CaelumSphericDome sphere mesh resource...
18:33:54: Caelum: generateSphericDome DONE
18:33:54: Caelum: DONE initializing
18:33:54: CaelumSystem: Attached to viewport -389353656 render target Meridian 59
18:33:54: Texture: grd01601-0.png: Loading 1 faces(PF_R8G8B8,1024x1024x1) Internal format is PF_X8R8G8B8,1024x1024x1.
18:33:54: Texture: grd02002-0.png: Loading 1 faces(PF_R8G8B8,1024x1024x1) Internal format is PF_X8R8G8B8,1024x1024x1.
18:33:54: Texture: grd01903-0.png: Loading 1 faces(PF_A8R8G8B8,1024x1024x1) Internal format is PF_A8R8G8B8,1024x1024x1.
18:33:54: Mesh: Loading brazier.mesh.
18:33:54: Texture: brazier_socle.png: Loading 1 faces(PF_R8G8B8,512x512x1) Internal format is PF_X8R8G8B8,512x512x1.
18:33:54: Texture: brazier_pan.png: Loading 1 faces(PF_R8G8B8,512x512x1) Internal format is PF_X8R8G8B8,512x512x1.
18:34:01: Texture: grd02021-0.png: Loading 1 faces(PF_R8G8B8,512x512x1) Internal format is PF_X8R8G8B8,512x512x1.
18:34:01: Texture: grd03404-0.png: Loading 1 faces(PF_A8R8G8B8,512x512x1) Internal format is PF_A8R8G8B8,512x512x1.
18:34:02: Texture: grd09565-0.png: Loading 1 faces(PF_R8G8B8,512x512x1) Internal format is PF_X8R8G8B8,512x512x1.
18:34:02: Texture: grd09561-0.png: Loading 1 faces(PF_R8G8B8,512x512x1) Internal format is PF_X8R8G8B8,512x512x1.
18:34:02: Texture: grd02306-0.png: Loading 1 faces(PF_R8G8B8,512x512x1) Internal format is PF_X8R8G8B8,512x512x1.
18:34:02: Texture: grd09566-0.png: Loading 1 faces(PF_R8G8B8,512x512x1) Internal format is PF_X8R8G8B8,512x512x1.
18:34:02: Texture: grd08501-0.png: Loading 1 faces(PF_R8G8B8,1024x1024x1) Internal format is PF_X8R8G8B8,1024x1024x1.
18:34:02: Texture: grd07000-0.png: Loading 1 faces(PF_A8R8G8B8,512x1024x1) Internal format is PF_A8R8G8B8,512x1024x1.
18:34:02: Texture: grd09506-0.png: Loading 1 faces(PF_R8G8B8,512x512x1) Internal format is PF_X8R8G8B8,512x512x1.
18:34:02: Texture: grd02053-0.png: Loading 1 faces(PF_R8G8B8,1024x1024x1) Internal format is PF_X8R8G8B8,1024x1024x1.
18:34:02: Texture: grd09552-0.png: Loading 1 faces(PF_R8G8B8,1024x1024x1) Internal format is PF_X8R8G8B8,1024x1024x1.
18:34:02: Texture: grd01901-0.png: Loading 1 faces(PF_A8R8G8B8,1024x683x1) Internal format is PF_A8R8G8B8,1024x683x1.
18:34:02: Texture: grd09570-0.png: Loading 1 faces(PF_R8G8B8,512x512x1) Internal format is PF_X8R8G8B8,512x512x1.
18:34:02: Mesh: Loading razshrub.mesh.
18:34:02: D3D9 : Loading 2D Texture, image name : 'razshrub_bark.dds' with 5 mip map levels
18:34:02: D3D9 : Loading 2D Texture, image name : 'razshrub_leaf.dds' with 5 mip map levels
18:34:02: Mesh: Loading raztree1.mesh.
18:34:02: D3D9 : Loading 2D Texture, image name : 'raztree1_bark.dds' with 5 mip map levels
18:34:02: D3D9 : Loading 2D Texture, image name : 'raztree1_leaf.dds' with 5 mip map levels
18:34:08: Texture: grd09726-0.png: Loading 1 faces(PF_R8G8B8,1024x1024x1) Internal format is PF_X8R8G8B8,1024x1024x1.
18:34:08: Texture: grd09514-0.png: Loading 1 faces(PF_R8G8B8,512x512x1) Internal format is PF_X8R8G8B8,512x512x1.
18:34:08: Texture: grd07301-0.png: Loading 1 faces(PF_R8G8B8,1024x1024x1) Internal format is PF_X8R8G8B8,1024x1024x1.
18:34:08: Texture: grd08860-0.png: Loading 1 faces(PF_R8G8B8,512x512x1) Internal format is PF_X8R8G8B8,512x512x1.
18:34:08: Texture: grd07302-0.png: Loading 1 faces(PF_R8G8B8,1024x1024x1) Internal format is PF_X8R8G8B8,1024x1024x1.
18:34:08: Texture: grd09588-0.png: Loading 1 faces(PF_R8G8B8,1024x1024x1) Internal format is PF_X8R8G8B8,1024x1024x1.
18:34:08: Texture: grd03102-0.png: Loading 1 faces(PF_R8G8B8,849x1024x1) Internal format is PF_X8R8G8B8,849x1024x1.
18:34:08: Texture: grd09727-0.png: Loading 1 faces(PF_R8G8B8,512x1024x1) Internal format is PF_X8R8G8B8,512x1024x1.
18:34:08: Texture: grd09742-0.png: Loading 1 faces(PF_R8G8B8,768x512x1) Internal format is PF_X8R8G8B8,768x512x1.
18:34:08: Mesh: Loading barstool.mesh.
18:34:08: D3D9 : Loading 2D Texture, image name : 'barstool.dds' with 5 mip map levels
18:34:08: Mesh: Loading table.mesh.
18:34:08: D3D9 : Loading 2D Texture, image name : 'table_table.dds' with 5 mip map levels
18:34:08: Mesh: Loading barrel.mesh.
18:34:08: Texture: barrel_barrel.png: Loading 1 faces(PF_R8G8B8,512x512x1) Internal format is PF_X8R8G8B8,512x512x1.
18:34:08: Mesh: Loading jug4.mesh.
18:34:08: D3D9 : Loading 2D Texture, image name : 'jug4_jug4.dds' with 5 mip map levels
18:34:08: Mesh: Loading news.mesh.
18:34:08: Texture: news_pillar.png: Loading 1 faces(PF_R8G8B8,512x512x1) Internal format is PF_X8R8G8B8,512x512x1.
18:34:08: Texture: news_globe.png: Loading 1 faces(PF_R8G8B8,512x512x1) Internal format is PF_X8R8G8B8,512x512x1.
18:38:53: CaelumSystem: Detached from  viewport -389353656 render target Meridian 59
18:38:53: Caelum: Shutting down Caelum system...
18:38:53: Caelum: Delete UniversalClock
18:38:53: Caelum: Delete UniversalClock
18:38:53: Caelum: CaelumSystem destroyed.
18:38:53: Uninstalling plugin: Octree Scene Manager
18:38:53: Plugin successfully uninstalled
18:38:53: Uninstalling plugin: Caelum
18:38:53: Caelum plugin uninstalled
18:38:53: Plugin successfully uninstalled
18:38:53: Uninstalling plugin: ParticleUniverse
18:38:53: Plugin successfully uninstalled
18:38:53: DefaultWorkQueue('Root') shutting down on thread main.
18:38:53: *-*-* OGRE Shutdown
18:38:53: Unregistering ResourceManager for type Compositor
18:38:53: Unregistering ResourceManager for type Skeleton
18:38:53: Unregistering ResourceManager for type Mesh
18:38:53: Unregistering ResourceManager for type HighLevelGpuProgram
18:38:53: Unregistering ResourceManager for type Material
